Using pre-set license
Built from '2022.3/china_unity/release' branch; Version is '2022.3.47f1c1 (28b00139a434) revision 2666497'; Using compiler version '192829333'; Build Type 'Release'
OS: 'Windows 11  (10.0.26100) 64bit CoreCountrySpecific' Language: 'zh' Physical Memory: 40132 MB
BatchMode: 1, IsHumanControllingUs: 0, StartBugReporterOnCrash: 0, Is64bit: 1, IsPro: 1

COMMAND LINE ARGUMENTS:
F:\2022.3.47f1c1\Editor\Unity.exe
-adb2
-batchMode
-noUpm
-name
AssetImportWorker2
-projectPath
E:/GamePrepare/ProjectPractice/MazeStart
-logFile
Logs/AssetImportWorker2.log
-srvPort
57219
Successfully changed project path to: E:/GamePrepare/ProjectPractice/MazeStart
E:/GamePrepare/ProjectPractice/MazeStart
[UnityMemory] Configuration Parameters - Can be set up in boot.config
    "memorysetup-bucket-allocator-granularity=16"
    "memorysetup-bucket-allocator-bucket-count=8"
    "memorysetup-bucket-allocator-block-size=33554432"
    "memorysetup-bucket-allocator-block-count=8"
    "memorysetup-main-allocator-block-size=16777216"
    "memorysetup-thread-allocator-block-size=16777216"
    "memorysetup-gfx-main-allocator-block-size=16777216"
    "memorysetup-gfx-thread-allocator-block-size=16777216"
    "memorysetup-cache-allocator-block-size=4194304"
    "memorysetup-typetree-allocator-block-size=2097152"
    "memorysetup-profiler-bucket-allocator-granularity=16"
    "memorysetup-profiler-bucket-allocator-bucket-count=8"
    "memorysetup-profiler-bucket-allocator-block-size=33554432"
    "memorysetup-profiler-bucket-allocator-block-count=8"
    "memorysetup-profiler-allocator-block-size=16777216"
    "memorysetup-profiler-editor-allocator-block-size=1048576"
    "memorysetup-temp-allocator-size-main=16777216"
    "memorysetup-job-temp-allocator-block-size=2097152"
    "memorysetup-job-temp-allocator-block-size-background=1048576"
    "memorysetup-job-temp-allocator-reduction-small-platforms=262144"
    "memorysetup-allocator-temp-initial-block-size-main=262144"
    "memorysetup-allocator-temp-initial-block-size-worker=262144"
    "memorysetup-temp-allocator-size-background-worker=32768"
    "memorysetup-temp-allocator-size-job-worker=262144"
    "memorysetup-temp-allocator-size-preload-manager=33554432"
    "memorysetup-temp-allocator-size-nav-mesh-worker=65536"
    "memorysetup-temp-allocator-size-audio-worker=65536"
    "memorysetup-temp-allocator-size-cloud-worker=32768"
    "memorysetup-temp-allocator-size-gi-baking-worker=262144"
    "memorysetup-temp-allocator-size-gfx=262144"
Player connection [19512]  Target information:

Player connection [19512]  * "[IP] 192.168.1.2 [Port] 0 [Flags] 2 [Guid] 1524302506 [EditorId] 1524302506 [Version] 1048832 [Id] WindowsEditor(7,gift) [Debug] 1 [PackageName] WindowsEditor [ProjectName] Editor" 

Player connection [19512] Host joined multi-casting on [225.0.0.222:54997]...
Player connection [19512] Host joined alternative multi-casting on [225.0.0.222:34997]...
[PhysX] Initialized MultithreadedTaskDispatcher with 16 workers.
Refreshing native plugins compatible for Editor in 36.15 ms, found 3 plugins.
Preloading 0 native plugins for Editor in 0.00 ms.
Initialize engine version: 2022.3.47f1c1 (28b00139a434)
[Subsystems] Discovering subsystems at path F:/2022.3.47f1c1/Editor/Data/Resources/UnitySubsystems
[Subsystems] Discovering subsystems at path E:/GamePrepare/ProjectPractice/MazeStart/Assets
GfxDevice: creating device client; threaded=0; jobified=0
Direct3D:
    Version:  Direct3D 11.0 [level 11.1]
    Renderer: NVIDIA GeForce RTX 4060 Laptop GPU (ID=0x28e0)
    Vendor:   NVIDIA
    VRAM:     7957 MB
    Driver:   32.0.15.6094
Initialize mono
Mono path[0] = 'F:/2022.3.47f1c1/Editor/Data/Managed'
Mono path[1] = 'F:/2022.3.47f1c1/Editor/Data/MonoBleedingEdge/lib/mono/unityjit-win32'
Mono config path = 'F:/2022.3.47f1c1/Editor/Data/MonoBleedingEdge/etc'
Using monoOptions --debugger-agent=transport=dt_socket,embedding=1,server=y,suspend=n,address=127.0.0.1:56760
Begin MonoManager ReloadAssembly
Registering precompiled unity dll's ...
Register platform support module: F:/2022.3.47f1c1/Editor/Data/PlaybackEngines/WebGLSupport/UnityEditor.WebGL.Extensions.dll
Register platform support module: F:/2022.3.47f1c1/Editor/Data/PlaybackEngines/WindowsStandaloneSupport/UnityEditor.WindowsStandalone.Extensions.dll
Registered in 0.015832 seconds.
- Loaded All Assemblies, in  0.740 seconds
Native extension for WindowsStandalone target not found
Native extension for WebGL target not found
Mono: successfully reloaded assembly
- Finished resetting the current domain, in  0.391 seconds
Domain Reload Profiling: 1117ms
	BeginReloadAssembly (270ms)
		ExecutionOrderSort (0ms)
		DisableScriptedObjects (0ms)
		BackupInstance (0ms)
		ReleaseScriptingObjects (0ms)
		CreateAndSetChildDomain (1ms)
	RebuildCommonClasses (62ms)
	RebuildNativeTypeToScriptingClass (14ms)
	initialDomainReloadingComplete (117ms)
	LoadAllAssembliesAndSetupDomain (263ms)
		LoadAssemblies (252ms)
		RebuildTransferFunctionScriptingTraits (0ms)
		AnalyzeDomain (257ms)
			TypeCache.Refresh (255ms)
				TypeCache.ScanAssembly (233ms)
			ScanForSourceGeneratedMonoScriptInfo (0ms)
			ResolveRequiredComponents (1ms)
	FinalizeReload (391ms)
		ReleaseScriptCaches (0ms)
		RebuildScriptCaches (0ms)
		SetupLoadedEditorAssemblies (317ms)
			LogAssemblyErrors (0ms)
			InitializePlatformSupportModulesInManaged (15ms)
			SetLoadedEditorAssemblies (8ms)
			RefreshPlugins (0ms)
			BeforeProcessingInitializeOnLoad (3ms)
			ProcessInitializeOnLoadAttributes (224ms)
			ProcessInitializeOnLoadMethodAttributes (66ms)
			AfterProcessingInitializeOnLoad (0ms)
			EditorAssembliesLoaded (0ms)
		ExecutionOrderSort2 (0ms)
		AwakeInstancesAfterBackupRestoration (0ms)
========================================================================
Worker process is ready to serve import requests
Caller must complete domain reload
Begin MonoManager ReloadAssembly
- Loaded All Assemblies, in  1.226 seconds
Native extension for WindowsStandalone target not found
Native extension for WebGL target not found
Package Manager log level set to [2]
[Package Manager] Server::EnsureServerProcessIsRunning -- launch failed, reason: Unity was launched with the -noUpm command-line argument
[Package Manager] UpmClient::Send -- Unable to send message (not connected to UPM process).
[Package Manager] Cannot connect to Unity Package Manager local server
Mono: successfully reloaded assembly
- Finished resetting the current domain, in  1.532 seconds
Domain Reload Profiling: 2720ms
	BeginReloadAssembly (285ms)
		ExecutionOrderSort (0ms)
		DisableScriptedObjects (6ms)
		BackupInstance (0ms)
		ReleaseScriptingObjects (0ms)
		CreateAndSetChildDomain (30ms)
	RebuildCommonClasses (48ms)
	RebuildNativeTypeToScriptingClass (19ms)
	initialDomainReloadingComplete (127ms)
	LoadAllAssembliesAndSetupDomain (708ms)
		LoadAssemblies (651ms)
		RebuildTransferFunctionScriptingTraits (0ms)
		AnalyzeDomain (253ms)
			TypeCache.Refresh (213ms)
				TypeCache.ScanAssembly (195ms)
			ScanForSourceGeneratedMonoScriptInfo (29ms)
			ResolveRequiredComponents (8ms)
	FinalizeReload (1532ms)
		ReleaseScriptCaches (0ms)
		RebuildScriptCaches (0ms)
		SetupLoadedEditorAssemblies (1325ms)
			LogAssemblyErrors (0ms)
			InitializePlatformSupportModulesInManaged (11ms)
			SetLoadedEditorAssemblies (7ms)
			RefreshPlugins (0ms)
			BeforeProcessingInitializeOnLoad (174ms)
			ProcessInitializeOnLoadAttributes (1067ms)
			ProcessInitializeOnLoadMethodAttributes (26ms)
			AfterProcessingInitializeOnLoad (39ms)
			EditorAssembliesLoaded (0ms)
		ExecutionOrderSort2 (0ms)
		AwakeInstancesAfterBackupRestoration (19ms)
Launched and connected shader compiler UnityShaderCompiler.exe after 0.10 seconds
Refreshing native plugins compatible for Editor in 17.07 ms, found 3 plugins.
Preloading 0 native plugins for Editor in 0.00 ms.
Unloading 3325 Unused Serialized files (Serialized files now loaded: 0)
Unloading 32 unused Assets / (128.6 KB). Loaded Objects now: 3808.
Memory consumption went from 139.5 MB to 139.4 MB.
Total: 4.870100 ms (FindLiveObjects: 0.336200 ms CreateObjectMapping: 0.149000 ms MarkObjects: 4.219400 ms  DeleteObjects: 0.164300 ms)

AssetImportParameters requested are different than current active one (requested -> active):
  custom:container-demuxer-ogg: 62fdf1f143b41e24485cea50d1cbac27 -> 
  custom:video-codec-MediaFoundation-h265: 746d11721c4dcdbdad8f713fa42b33f4 -> 
  custom:video-decoder-ogg-theora: a1e56fd34408186e4bbccfd4996cb3dc -> 
  custom:framework-win-MediaFoundation: 216162199b28c13a410421893ffa2e32 -> 
  custom:CustomObjectIndexerAttribute: 9a22284fe3817be447336de3de66b15e -> 
  custom:container-demuxer-webm: 4f35f7cbe854078d1ac9338744f61a02 -> 
  custom:container-muxer-webm: aa71ff27fc2769a1b78a27578f13a17b -> 
  custom:video-decoder-webm-vp8: 9c59270c3fd7afecdb556c50c9e8de78 -> 
  custom:SearchIndexIgnoredProperties: e643bd26f0fe6173181afceb89e7c659 -> 
  custom:AudioImporter_EditorPlatform: d09bf68614088b80899f8185d706f6e7 -> 
  custom:video-encoder-webm-vp8: eb34c28f22e8b96e1ab97ce403110664 -> 
  custom:audio-decoder-ogg-vorbis: bf7c407c2cedff20999df2af8eb42d56 -> 
  custom:audio-encoder-webm-vorbis: bf7c407c2cedff20999df2af8eb42d56 -> 
========================================================================
Received Import Request.
  Time since last request: 236975.378325 seconds.
  path: Assets/Dungeon/KayKit_dungeon_pack_1.0/Models/Characters/fbx/extra heads/knightHeadC.fbx
  artifactKey: Guid(ca3c687079421a048a5ff29ada798e7e) Importer(815301076,1909f56bfc062723c751e8b465ee728b)
Start importing Assets/Dungeon/KayKit_dungeon_pack_1.0/Models/Characters/fbx/extra heads/knightHeadC.fbx using Guid(ca3c687079421a048a5ff29ada798e7e) Importer(815301076,1909f56bfc062723c751e8b465ee728b) [PhysX] Initialized MultithreadedTaskDispatcher with 16 workers.
[PhysX] Initialized MultithreadedTaskDispatcher with 16 workers.
[PhysX] Initialized MultithreadedTaskDispatcher with 16 workers.
[PhysX] Initialized MultithreadedTaskDispatcher with 16 workers.
[PhysX] Initialized MultithreadedTaskDispatcher with 16 workers.
 -> (artifact id: 'f82bf066f9ff51e16dcc24aae2138525') in 0.235457 seconds
Number of updated asset objects reloaded before import = 0
Number of asset objects unloaded after import = 9
========================================================================
Received Import Request.
  Time since last request: 0.000045 seconds.
  path: Assets/Dungeon/KayKit_dungeon_pack_1.0/Models/Characters/obj/extra heads/rogueHairB.obj
  artifactKey: Guid(d8ef8329884181846a31a440bac2d54c) Importer(815301076,1909f56bfc062723c751e8b465ee728b)
Start importing Assets/Dungeon/KayKit_dungeon_pack_1.0/Models/Characters/obj/extra heads/rogueHairB.obj using Guid(d8ef8329884181846a31a440bac2d54c) Importer(815301076,1909f56bfc062723c751e8b465ee728b) [PhysX] Initialized MultithreadedTaskDispatcher with 16 workers.
[PhysX] Initialized MultithreadedTaskDispatcher with 16 workers.
[PhysX] Initialized MultithreadedTaskDispatcher with 16 workers.
[PhysX] Initialized MultithreadedTaskDispatcher with 16 workers.
[PhysX] Initialized MultithreadedTaskDispatcher with 16 workers.
 -> (artifact id: '1cac231feccd00fd4eb96428e58b9e8c') in 0.034844 seconds
Number of updated asset objects reloaded before import = 0
Number of asset objects unloaded after import = 10
========================================================================
Received Import Request.
  Time since last request: 0.000049 seconds.
  path: Assets/Dungeon/KayKit_dungeon_pack_1.0/Models/fbx/lootSackA.fbx
  artifactKey: Guid(2f1632e7b0bf1bf49a61f5b597490b18) Importer(815301076,1909f56bfc062723c751e8b465ee728b)
Start importing Assets/Dungeon/KayKit_dungeon_pack_1.0/Models/fbx/lootSackA.fbx using Guid(2f1632e7b0bf1bf49a61f5b597490b18) Importer(815301076,1909f56bfc062723c751e8b465ee728b) [PhysX] Initialized MultithreadedTaskDispatcher with 16 workers.
[PhysX] Initialized MultithreadedTaskDispatcher with 16 workers.
[PhysX] Initialized MultithreadedTaskDispatcher with 16 workers.
[PhysX] Initialized MultithreadedTaskDispatcher with 16 workers.
[PhysX] Initialized MultithreadedTaskDispatcher with 16 workers.
 -> (artifact id: '04c3d5d65fdbabd7381daa85c7f992ab') in 0.036289 seconds
Number of updated asset objects reloaded before import = 0
Number of asset objects unloaded after import = 9
========================================================================
Received Import Request.
  Time since last request: 0.111079 seconds.
  path: Assets/Dungeon/KayKit_dungeon_pack_1.0/Models/Characters/fbx/character_knight.fbx
  artifactKey: Guid(ad012ec0f930ebb4699f7d3c507793c3) Importer(815301076,1909f56bfc062723c751e8b465ee728b)
Start importing Assets/Dungeon/KayKit_dungeon_pack_1.0/Models/Characters/fbx/character_knight.fbx using Guid(ad012ec0f930ebb4699f7d3c507793c3) Importer(815301076,1909f56bfc062723c751e8b465ee728b) [PhysX] Initialized MultithreadedTaskDispatcher with 16 workers.
[PhysX] Initialized MultithreadedTaskDispatcher with 16 workers.
[PhysX] Initialized MultithreadedTaskDispatcher with 16 workers.
[PhysX] Initialized MultithreadedTaskDispatcher with 16 workers.
[PhysX] Initialized MultithreadedTaskDispatcher with 16 workers.
[PhysX] Initialized MultithreadedTaskDispatcher with 16 workers.
[PhysX] Initialized MultithreadedTaskDispatcher with 16 workers.
[PhysX] Initialized MultithreadedTaskDispatcher with 16 workers.
[PhysX] Initialized MultithreadedTaskDispatcher with 16 workers.
[PhysX] Initialized MultithreadedTaskDispatcher with 16 workers.
[PhysX] Initialized MultithreadedTaskDispatcher with 16 workers.
[PhysX] Initialized MultithreadedTaskDispatcher with 16 workers.
[PhysX] Initialized MultithreadedTaskDispatcher with 16 workers.
[PhysX] Initialized MultithreadedTaskDispatcher with 16 workers.
[PhysX] Initialized MultithreadedTaskDispatcher with 16 workers.
[PhysX] Initialized MultithreadedTaskDispatcher with 16 workers.
[PhysX] Initialized MultithreadedTaskDispatcher with 16 workers.
[PhysX] Initialized MultithreadedTaskDispatcher with 16 workers.
[PhysX] Initialized MultithreadedTaskDispatcher with 16 workers.
[PhysX] Initialized MultithreadedTaskDispatcher with 16 workers.
 -> (artifact id: '2a728d1060e8aa1f85f4fd01c405134c') in 0.147920 seconds
Number of updated asset objects reloaded before import = 0
Number of asset objects unloaded after import = 41
========================================================================
Received Import Request.
  Time since last request: 0.262292 seconds.
  path: Assets/Dungeon/KayKit_dungeon_pack_1.0/Models/dae/barrelDark.dae
  artifactKey: Guid(2805f28a7cd54e7469ad8c36e54f1f74) Importer(815301076,1909f56bfc062723c751e8b465ee728b)
Start importing Assets/Dungeon/KayKit_dungeon_pack_1.0/Models/dae/barrelDark.dae using Guid(2805f28a7cd54e7469ad8c36e54f1f74) Importer(815301076,1909f56bfc062723c751e8b465ee728b) [PhysX] Initialized MultithreadedTaskDispatcher with 16 workers.
[PhysX] Initialized MultithreadedTaskDispatcher with 16 workers.
[PhysX] Initialized MultithreadedTaskDispatcher with 16 workers.
[PhysX] Initialized MultithreadedTaskDispatcher with 16 workers.
[PhysX] Initialized MultithreadedTaskDispatcher with 16 workers.
[PhysX] Initialized MultithreadedTaskDispatcher with 16 workers.
 -> (artifact id: '022300e37bc90f0edcc7685666c3634e') in 0.063005 seconds
Number of updated asset objects reloaded before import = 0
Number of asset objects unloaded after import = 10
========================================================================
Received Import Request.
  Time since last request: 0.112294 seconds.
  path: Assets/Dungeon/KayKit_dungeon_pack_1.0/Models/Characters/fbx/extra heads/rogueHairB.fbx
  artifactKey: Guid(eaad201807d7c874381bb82fbd681eed) Importer(815301076,1909f56bfc062723c751e8b465ee728b)
Start importing Assets/Dungeon/KayKit_dungeon_pack_1.0/Models/Characters/fbx/extra heads/rogueHairB.fbx using Guid(eaad201807d7c874381bb82fbd681eed) Importer(815301076,1909f56bfc062723c751e8b465ee728b) [PhysX] Initialized MultithreadedTaskDispatcher with 16 workers.
[PhysX] Initialized MultithreadedTaskDispatcher with 16 workers.
[PhysX] Initialized MultithreadedTaskDispatcher with 16 workers.
[PhysX] Initialized MultithreadedTaskDispatcher with 16 workers.
 -> (artifact id: '83e96eceb311f2441f9792371a94ae66') in 0.030726 seconds
Number of updated asset objects reloaded before import = 0
Number of asset objects unloaded after import = 8
========================================================================
Received Import Request.
  Time since last request: 0.000042 seconds.
  path: Assets/Dungeon/KayKit_dungeon_pack_1.0/Models/fbx/potionMedium_green.fbx
  artifactKey: Guid(ccce58b3c819a894488d22d44e44e8b9) Importer(815301076,1909f56bfc062723c751e8b465ee728b)
Start importing Assets/Dungeon/KayKit_dungeon_pack_1.0/Models/fbx/potionMedium_green.fbx using Guid(ccce58b3c819a894488d22d44e44e8b9) Importer(815301076,1909f56bfc062723c751e8b465ee728b) [PhysX] Initialized MultithreadedTaskDispatcher with 16 workers.
[PhysX] Initialized MultithreadedTaskDispatcher with 16 workers.
[PhysX] Initialized MultithreadedTaskDispatcher with 16 workers.
[PhysX] Initialized MultithreadedTaskDispatcher with 16 workers.
[PhysX] Initialized MultithreadedTaskDispatcher with 16 workers.
[PhysX] Initialized MultithreadedTaskDispatcher with 16 workers.
 -> (artifact id: '1ebdc41bbaec529f899b9956d3802864') in 0.078770 seconds
Number of updated asset objects reloaded before import = 0
Number of asset objects unloaded after import = 10
========================================================================
Received Import Request.
  Time since last request: 0.276749 seconds.
  path: Assets/Dungeon/KayKit_dungeon_pack_1.0/Models/Characters/dae/extra heads/knightHeadC.dae
  artifactKey: Guid(f69ead86e31379841aadd9065f1f1f3a) Importer(815301076,1909f56bfc062723c751e8b465ee728b)
Start importing Assets/Dungeon/KayKit_dungeon_pack_1.0/Models/Characters/dae/extra heads/knightHeadC.dae using Guid(f69ead86e31379841aadd9065f1f1f3a) Importer(815301076,1909f56bfc062723c751e8b465ee728b) [PhysX] Initialized MultithreadedTaskDispatcher with 16 workers.
[PhysX] Initialized MultithreadedTaskDispatcher with 16 workers.
[PhysX] Initialized MultithreadedTaskDispatcher with 16 workers.
[PhysX] Initialized MultithreadedTaskDispatcher with 16 workers.
[PhysX] Initialized MultithreadedTaskDispatcher with 16 workers.
 -> (artifact id: '2799fbc1b9130c971a1cc15e6085dfed') in 0.038341 seconds
Number of updated asset objects reloaded before import = 0
Number of asset objects unloaded after import = 9
========================================================================
Received Import Request.
  Time since last request: 0.000753 seconds.
  path: Assets/Dungeon/KayKit_dungeon_pack_1.0/Models/dae/plateHalf.dae
  artifactKey: Guid(67642a71b2e71e143b643f06f3af08a6) Importer(815301076,1909f56bfc062723c751e8b465ee728b)
Start importing Assets/Dungeon/KayKit_dungeon_pack_1.0/Models/dae/plateHalf.dae using Guid(67642a71b2e71e143b643f06f3af08a6) Importer(815301076,1909f56bfc062723c751e8b465ee728b) [PhysX] Initialized MultithreadedTaskDispatcher with 16 workers.
[PhysX] Initialized MultithreadedTaskDispatcher with 16 workers.
[PhysX] Initialized MultithreadedTaskDispatcher with 16 workers.
[PhysX] Initialized MultithreadedTaskDispatcher with 16 workers.
[PhysX] Initialized MultithreadedTaskDispatcher with 16 workers.
 -> (artifact id: 'dfd4c50d0064c89f4d20f864c1c3cc5f') in 0.040953 seconds
Number of updated asset objects reloaded before import = 0
Number of asset objects unloaded after import = 9
========================================================================
Received Import Request.
  Time since last request: 0.000043 seconds.
  path: Assets/Dungeon/KayKit_dungeon_pack_1.0/Models/dae/potionMedium_red.dae
  artifactKey: Guid(e04e59bd1ecff134c8598672a797468c) Importer(815301076,1909f56bfc062723c751e8b465ee728b)
Start importing Assets/Dungeon/KayKit_dungeon_pack_1.0/Models/dae/potionMedium_red.dae using Guid(e04e59bd1ecff134c8598672a797468c) Importer(815301076,1909f56bfc062723c751e8b465ee728b) [PhysX] Initialized MultithreadedTaskDispatcher with 16 workers.
[PhysX] Initialized MultithreadedTaskDispatcher with 16 workers.
[PhysX] Initialized MultithreadedTaskDispatcher with 16 workers.
[PhysX] Initialized MultithreadedTaskDispatcher with 16 workers.
[PhysX] Initialized MultithreadedTaskDispatcher with 16 workers.
[PhysX] Initialized MultithreadedTaskDispatcher with 16 workers.
 -> (artifact id: 'f9c3b8ef6f053a5896773eadb6101095') in 0.044259 seconds
Number of updated asset objects reloaded before import = 0
Number of asset objects unloaded after import = 10
========================================================================
Received Import Request.
  Time since last request: 0.000033 seconds.
  path: Assets/Dungeon/KayKit_dungeon_pack_1.0/Models/dae/potionMedium_green.dae
  artifactKey: Guid(bcdaee1ea76bd384f98e3b2a745f4574) Importer(815301076,1909f56bfc062723c751e8b465ee728b)
Start importing Assets/Dungeon/KayKit_dungeon_pack_1.0/Models/dae/potionMedium_green.dae using Guid(bcdaee1ea76bd384f98e3b2a745f4574) Importer(815301076,1909f56bfc062723c751e8b465ee728b) [PhysX] Initialized MultithreadedTaskDispatcher with 16 workers.
[PhysX] Initialized MultithreadedTaskDispatcher with 16 workers.
[PhysX] Initialized MultithreadedTaskDispatcher with 16 workers.
[PhysX] Initialized MultithreadedTaskDispatcher with 16 workers.
[PhysX] Initialized MultithreadedTaskDispatcher with 16 workers.
[PhysX] Initialized MultithreadedTaskDispatcher with 16 workers.
 -> (artifact id: '5b4abbf33f8f57da3ea6f354975b4783') in 0.045411 seconds
Number of updated asset objects reloaded before import = 0
Number of asset objects unloaded after import = 10
========================================================================
Received Import Request.
  Time since last request: 0.000033 seconds.
  path: Assets/Dungeon/KayKit_dungeon_pack_1.0/Models/dae/potC.dae
  artifactKey: Guid(7f081d2aed80de64c9248808bc99fc72) Importer(815301076,1909f56bfc062723c751e8b465ee728b)
Start importing Assets/Dungeon/KayKit_dungeon_pack_1.0/Models/dae/potC.dae using Guid(7f081d2aed80de64c9248808bc99fc72) Importer(815301076,1909f56bfc062723c751e8b465ee728b) [PhysX] Initialized MultithreadedTaskDispatcher with 16 workers.
[PhysX] Initialized MultithreadedTaskDispatcher with 16 workers.
[PhysX] Initialized MultithreadedTaskDispatcher with 16 workers.
[PhysX] Initialized MultithreadedTaskDispatcher with 16 workers.
 -> (artifact id: 'b4734770dfa8946b5a5b0224dda963a0') in 0.032736 seconds
Number of updated asset objects reloaded before import = 0
Number of asset objects unloaded after import = 8
========================================================================
Received Import Request.
  Time since last request: 0.000033 seconds.
  path: Assets/Dungeon/KayKit_dungeon_pack_1.0/Models/dae/potionLarge_blue.dae
  artifactKey: Guid(0aabf4689b1d79c46bc11339ca419398) Importer(815301076,1909f56bfc062723c751e8b465ee728b)
Start importing Assets/Dungeon/KayKit_dungeon_pack_1.0/Models/dae/potionLarge_blue.dae using Guid(0aabf4689b1d79c46bc11339ca419398) Importer(815301076,1909f56bfc062723c751e8b465ee728b) [PhysX] Initialized MultithreadedTaskDispatcher with 16 workers.
[PhysX] Initialized MultithreadedTaskDispatcher with 16 workers.
[PhysX] Initialized MultithreadedTaskDispatcher with 16 workers.
[PhysX] Initialized MultithreadedTaskDispatcher with 16 workers.
[PhysX] Initialized MultithreadedTaskDispatcher with 16 workers.
[PhysX] Initialized MultithreadedTaskDispatcher with 16 workers.
 -> (artifact id: '06116b68a7f87b34c993dfb7ea516b36') in 0.042387 seconds
Number of updated asset objects reloaded before import = 0
Number of asset objects unloaded after import = 10
========================================================================
Received Import Request.
  Time since last request: 0.000076 seconds.
  path: Assets/Dungeon/KayKit_dungeon_pack_1.0/Models/fbx/barrel.fbx
  artifactKey: Guid(fd72160e837d8f840a660eff4bef2428) Importer(815301076,1909f56bfc062723c751e8b465ee728b)
Start importing Assets/Dungeon/KayKit_dungeon_pack_1.0/Models/fbx/barrel.fbx using Guid(fd72160e837d8f840a660eff4bef2428) Importer(815301076,1909f56bfc062723c751e8b465ee728b) [PhysX] Initialized MultithreadedTaskDispatcher with 16 workers.
[PhysX] Initialized MultithreadedTaskDispatcher with 16 workers.
[PhysX] Initialized MultithreadedTaskDispatcher with 16 workers.
[PhysX] Initialized MultithreadedTaskDispatcher with 16 workers.
[PhysX] Initialized MultithreadedTaskDispatcher with 16 workers.
[PhysX] Initialized MultithreadedTaskDispatcher with 16 workers.
 -> (artifact id: '4e4e954b477a785caab8588421eb6240') in 0.041083 seconds
Number of updated asset objects reloaded before import = 0
Number of asset objects unloaded after import = 10
========================================================================
Received Import Request.
  Time since last request: 0.000028 seconds.
  path: Assets/Dungeon/KayKit_dungeon_pack_1.0/Models/dae/potB.dae
  artifactKey: Guid(e2614323dca4ae34c8e2df520ae443ec) Importer(815301076,1909f56bfc062723c751e8b465ee728b)
Start importing Assets/Dungeon/KayKit_dungeon_pack_1.0/Models/dae/potB.dae using Guid(e2614323dca4ae34c8e2df520ae443ec) Importer(815301076,1909f56bfc062723c751e8b465ee728b) [PhysX] Initialized MultithreadedTaskDispatcher with 16 workers.
[PhysX] Initialized MultithreadedTaskDispatcher with 16 workers.
[PhysX] Initialized MultithreadedTaskDispatcher with 16 workers.
[PhysX] Initialized MultithreadedTaskDispatcher with 16 workers.
 -> (artifact id: '1dd2aeec249313d2ded56bebc840de5e') in 0.029442 seconds
Number of updated asset objects reloaded before import = 0
Number of asset objects unloaded after import = 8
========================================================================
Received Import Request.
  Time since last request: 0.099755 seconds.
  path: Assets/Dungeon/KayKit_dungeon_pack_1.0/Models/Characters/obj/extra heads/barbarianHeadC.obj
  artifactKey: Guid(347c91ceacfd4df42ac2a15a2d25250d) Importer(815301076,1909f56bfc062723c751e8b465ee728b)
Start importing Assets/Dungeon/KayKit_dungeon_pack_1.0/Models/Characters/obj/extra heads/barbarianHeadC.obj using Guid(347c91ceacfd4df42ac2a15a2d25250d) Importer(815301076,1909f56bfc062723c751e8b465ee728b) [PhysX] Initialized MultithreadedTaskDispatcher with 16 workers.
[PhysX] Initialized MultithreadedTaskDispatcher with 16 workers.
[PhysX] Initialized MultithreadedTaskDispatcher with 16 workers.
[PhysX] Initialized MultithreadedTaskDispatcher with 16 workers.
[PhysX] Initialized MultithreadedTaskDispatcher with 16 workers.
[PhysX] Initialized MultithreadedTaskDispatcher with 16 workers.
[PhysX] Initialized MultithreadedTaskDispatcher with 16 workers.
 -> (artifact id: 'aed6a09bd477145a62ae0b7b98be269e') in 0.055526 seconds
Number of updated asset objects reloaded before import = 0
Number of asset objects unloaded after import = 12
========================================================================
Received Import Request.
  Time since last request: 0.000035 seconds.
  path: Assets/Dungeon/KayKit_dungeon_pack_1.0/Models/Characters/dae/character_knight.dae
  artifactKey: Guid(55bd5e84623bb1a4daefbc27cf35f585) Importer(815301076,1909f56bfc062723c751e8b465ee728b)
Start importing Assets/Dungeon/KayKit_dungeon_pack_1.0/Models/Characters/dae/character_knight.dae using Guid(55bd5e84623bb1a4daefbc27cf35f585) Importer(815301076,1909f56bfc062723c751e8b465ee728b) [PhysX] Initialized MultithreadedTaskDispatcher with 16 workers.
[PhysX] Initialized MultithreadedTaskDispatcher with 16 workers.
[PhysX] Initialized MultithreadedTaskDispatcher with 16 workers.
[PhysX] Initialized MultithreadedTaskDispatcher with 16 workers.
[PhysX] Initialized MultithreadedTaskDispatcher with 16 workers.
[PhysX] Initialized MultithreadedTaskDispatcher with 16 workers.
[PhysX] Initialized MultithreadedTaskDispatcher with 16 workers.
[PhysX] Initialized MultithreadedTaskDispatcher with 16 workers.
[PhysX] Initialized MultithreadedTaskDispatcher with 16 workers.
[PhysX] Initialized MultithreadedTaskDispatcher with 16 workers.
[PhysX] Initialized MultithreadedTaskDispatcher with 16 workers.
[PhysX] Initialized MultithreadedTaskDispatcher with 16 workers.
[PhysX] Initialized MultithreadedTaskDispatcher with 16 workers.
[PhysX] Initialized MultithreadedTaskDispatcher with 16 workers.
[PhysX] Initialized MultithreadedTaskDispatcher with 16 workers.
[PhysX] Initialized MultithreadedTaskDispatcher with 16 workers.
[PhysX] Initialized MultithreadedTaskDispatcher with 16 workers.
[PhysX] Initialized MultithreadedTaskDispatcher with 16 workers.
[PhysX] Initialized MultithreadedTaskDispatcher with 16 workers.
 -> (artifact id: '9f22c3548fdfc4c86c7ba9746666e8c6') in 0.133544 seconds
Number of updated asset objects reloaded before import = 0
Number of asset objects unloaded after import = 43
========================================================================
Received Import Request.
  Time since last request: 0.000067 seconds.
  path: Assets/Dungeon/KayKit_dungeon_pack_1.0/Models/fbx/potionLarge_green.fbx
  artifactKey: Guid(a48d31e784a1d89459c1298d4a7b961a) Importer(815301076,1909f56bfc062723c751e8b465ee728b)
Start importing Assets/Dungeon/KayKit_dungeon_pack_1.0/Models/fbx/potionLarge_green.fbx using Guid(a48d31e784a1d89459c1298d4a7b961a) Importer(815301076,1909f56bfc062723c751e8b465ee728b) [PhysX] Initialized MultithreadedTaskDispatcher with 16 workers.
[PhysX] Initialized MultithreadedTaskDispatcher with 16 workers.
[PhysX] Initialized MultithreadedTaskDispatcher with 16 workers.
[PhysX] Initialized MultithreadedTaskDispatcher with 16 workers.
[PhysX] Initialized MultithreadedTaskDispatcher with 16 workers.
[PhysX] Initialized MultithreadedTaskDispatcher with 16 workers.
 -> (artifact id: '8e70a1845b66a8aefd12004b1809e789') in 0.043564 seconds
Number of updated asset objects reloaded before import = 0
Number of asset objects unloaded after import = 10
========================================================================
Received Import Request.
  Time since last request: 0.000029 seconds.
  path: Assets/Dungeon/KayKit_dungeon_pack_1.0/Models/dae/potionLarge_green.dae
  artifactKey: Guid(a9a15cffc83400e4eae38f14c01b8939) Importer(815301076,1909f56bfc062723c751e8b465ee728b)
Start importing Assets/Dungeon/KayKit_dungeon_pack_1.0/Models/dae/potionLarge_green.dae using Guid(a9a15cffc83400e4eae38f14c01b8939) Importer(815301076,1909f56bfc062723c751e8b465ee728b) [PhysX] Initialized MultithreadedTaskDispatcher with 16 workers.
[PhysX] Initialized MultithreadedTaskDispatcher with 16 workers.
[PhysX] Initialized MultithreadedTaskDispatcher with 16 workers.
[PhysX] Initialized MultithreadedTaskDispatcher with 16 workers.
[PhysX] Initialized MultithreadedTaskDispatcher with 16 workers.
[PhysX] Initialized MultithreadedTaskDispatcher with 16 workers.
 -> (artifact id: '8a59453a1abef3a9f0504caebd83cd67') in 0.043476 seconds
Number of updated asset objects reloaded before import = 0
Number of asset objects unloaded after import = 10
========================================================================
Received Import Request.
  Time since last request: 0.000032 seconds.
  path: Assets/Dungeon/KayKit_dungeon_pack_1.0/Models/dae/potionSmall_green.dae
  artifactKey: Guid(975e38cc82740124ebe6fca40429e3fa) Importer(815301076,1909f56bfc062723c751e8b465ee728b)
Start importing Assets/Dungeon/KayKit_dungeon_pack_1.0/Models/dae/potionSmall_green.dae using Guid(975e38cc82740124ebe6fca40429e3fa) Importer(815301076,1909f56bfc062723c751e8b465ee728b) [PhysX] Initialized MultithreadedTaskDispatcher with 16 workers.
[PhysX] Initialized MultithreadedTaskDispatcher with 16 workers.
[PhysX] Initialized MultithreadedTaskDispatcher with 16 workers.
[PhysX] Initialized MultithreadedTaskDispatcher with 16 workers.
[PhysX] Initialized MultithreadedTaskDispatcher with 16 workers.
[PhysX] Initialized MultithreadedTaskDispatcher with 16 workers.
 -> (artifact id: '2e20ff14e9812b88aec8dcc8af048277') in 0.041276 seconds
Number of updated asset objects reloaded before import = 0
Number of asset objects unloaded after import = 10
========================================================================
Received Import Request.
  Time since last request: 0.000028 seconds.
  path: Assets/Dungeon/KayKit_dungeon_pack_1.0/Models/dae/potionMedium_blue.dae
  artifactKey: Guid(4bb2ae6347241d14fbd9dd44d6e5f177) Importer(815301076,1909f56bfc062723c751e8b465ee728b)
Start importing Assets/Dungeon/KayKit_dungeon_pack_1.0/Models/dae/potionMedium_blue.dae using Guid(4bb2ae6347241d14fbd9dd44d6e5f177) Importer(815301076,1909f56bfc062723c751e8b465ee728b) [PhysX] Initialized MultithreadedTaskDispatcher with 16 workers.
[PhysX] Initialized MultithreadedTaskDispatcher with 16 workers.
[PhysX] Initialized MultithreadedTaskDispatcher with 16 workers.
[PhysX] Initialized MultithreadedTaskDispatcher with 16 workers.
[PhysX] Initialized MultithreadedTaskDispatcher with 16 workers.
[PhysX] Initialized MultithreadedTaskDispatcher with 16 workers.
 -> (artifact id: 'dcba3ba3c188b727acf6054678ecc05b') in 0.040862 seconds
Number of updated asset objects reloaded before import = 0
Number of asset objects unloaded after import = 10
========================================================================
Received Import Request.
  Time since last request: 0.000035 seconds.
  path: Assets/Dungeon/KayKit_dungeon_pack_1.0/Models/dae/pots.dae
  artifactKey: Guid(e0a33ded074b2244da92a15bc8f9c6d0) Importer(815301076,1909f56bfc062723c751e8b465ee728b)
Start importing Assets/Dungeon/KayKit_dungeon_pack_1.0/Models/dae/pots.dae using Guid(e0a33ded074b2244da92a15bc8f9c6d0) Importer(815301076,1909f56bfc062723c751e8b465ee728b) [PhysX] Initialized MultithreadedTaskDispatcher with 16 workers.
[PhysX] Initialized MultithreadedTaskDispatcher with 16 workers.
[PhysX] Initialized MultithreadedTaskDispatcher with 16 workers.
[PhysX] Initialized MultithreadedTaskDispatcher with 16 workers.
 -> (artifact id: '229f83651a7f10f2831e29ea5d388c20') in 0.039257 seconds
Number of updated asset objects reloaded before import = 0
Number of asset objects unloaded after import = 8
========================================================================
Received Import Request.
  Time since last request: 0.000055 seconds.
  path: Assets/Dungeon/KayKit_dungeon_pack_1.0/Models/fbx/potionMedium_red.fbx
  artifactKey: Guid(70a2957a60a5e4c43ad42864108d6211) Importer(815301076,1909f56bfc062723c751e8b465ee728b)
Start importing Assets/Dungeon/KayKit_dungeon_pack_1.0/Models/fbx/potionMedium_red.fbx using Guid(70a2957a60a5e4c43ad42864108d6211) Importer(815301076,1909f56bfc062723c751e8b465ee728b) [PhysX] Initialized MultithreadedTaskDispatcher with 16 workers.
[PhysX] Initialized MultithreadedTaskDispatcher with 16 workers.
[PhysX] Initialized MultithreadedTaskDispatcher with 16 workers.
[PhysX] Initialized MultithreadedTaskDispatcher with 16 workers.
[PhysX] Initialized MultithreadedTaskDispatcher with 16 workers.
[PhysX] Initialized MultithreadedTaskDispatcher with 16 workers.
 -> (artifact id: 'a410ee06fde796b532fe902156868351') in 0.039905 seconds
Number of updated asset objects reloaded before import = 0
Number of asset objects unloaded after import = 10
========================================================================
Received Import Request.
  Time since last request: 0.037327 seconds.
  path: Assets/Dungeon/KayKit_dungeon_pack_1.0/Models/Characters/dae/extra heads/barbarianHeadC.dae
  artifactKey: Guid(5450361b31c27794892c2690e375c80c) Importer(815301076,1909f56bfc062723c751e8b465ee728b)
Start importing Assets/Dungeon/KayKit_dungeon_pack_1.0/Models/Characters/dae/extra heads/barbarianHeadC.dae using Guid(5450361b31c27794892c2690e375c80c) Importer(815301076,1909f56bfc062723c751e8b465ee728b) [PhysX] Initialized MultithreadedTaskDispatcher with 16 workers.
[PhysX] Initialized MultithreadedTaskDispatcher with 16 workers.
[PhysX] Initialized MultithreadedTaskDispatcher with 16 workers.
[PhysX] Initialized MultithreadedTaskDispatcher with 16 workers.
[PhysX] Initialized MultithreadedTaskDispatcher with 16 workers.
[PhysX] Initialized MultithreadedTaskDispatcher with 16 workers.
 -> (artifact id: '9ea7ec2b1a18502962decaa68e653529') in 0.042200 seconds
Number of updated asset objects reloaded before import = 0
Number of asset objects unloaded after import = 10
========================================================================
Received Import Request.
  Time since last request: 0.000036 seconds.
  path: Assets/Dungeon/KayKit_dungeon_pack_1.0/Models/Characters/fbx/extra heads/mageHeadA.fbx
  artifactKey: Guid(e797a46e74c2fe1489d007e785c10276) Importer(815301076,1909f56bfc062723c751e8b465ee728b)
Start importing Assets/Dungeon/KayKit_dungeon_pack_1.0/Models/Characters/fbx/extra heads/mageHeadA.fbx using Guid(e797a46e74c2fe1489d007e785c10276) Importer(815301076,1909f56bfc062723c751e8b465ee728b) [PhysX] Initialized MultithreadedTaskDispatcher with 16 workers.
[PhysX] Initialized MultithreadedTaskDispatcher with 16 workers.
[PhysX] Initialized MultithreadedTaskDispatcher with 16 workers.
[PhysX] Initialized MultithreadedTaskDispatcher with 16 workers.
[PhysX] Initialized MultithreadedTaskDispatcher with 16 workers.
 -> (artifact id: '510bafcb6287f9e27f6ad2ba37df874a') in 0.033028 seconds
Number of updated asset objects reloaded before import = 0
Number of asset objects unloaded after import = 9
========================================================================
Received Import Request.
  Time since last request: 0.000023 seconds.
  path: Assets/Dungeon/KayKit_dungeon_pack_1.0/Models/Characters/fbx/extra heads/rogueHeadB.fbx
  artifactKey: Guid(287b4c9a9aeb80e448888757a35fbe3b) Importer(815301076,1909f56bfc062723c751e8b465ee728b)
Start importing Assets/Dungeon/KayKit_dungeon_pack_1.0/Models/Characters/fbx/extra heads/rogueHeadB.fbx using Guid(287b4c9a9aeb80e448888757a35fbe3b) Importer(815301076,1909f56bfc062723c751e8b465ee728b) [PhysX] Initialized MultithreadedTaskDispatcher with 16 workers.
[PhysX] Initialized MultithreadedTaskDispatcher with 16 workers.
[PhysX] Initialized MultithreadedTaskDispatcher with 16 workers.
[PhysX] Initialized MultithreadedTaskDispatcher with 16 workers.
[PhysX] Initialized MultithreadedTaskDispatcher with 16 workers.
 -> (artifact id: 'ae70d6227578783d5e2ee416b3f83c38') in 0.032736 seconds
Number of updated asset objects reloaded before import = 0
Number of asset objects unloaded after import = 9
========================================================================
Received Import Request.
  Time since last request: 0.000034 seconds.
  path: Assets/Dungeon/KayKit_dungeon_pack_1.0/Models/Characters/obj/extra heads/mageHeadB.obj
  artifactKey: Guid(3fabdd1c0fe03a948b92fbf04732ef69) Importer(815301076,1909f56bfc062723c751e8b465ee728b)
Start importing Assets/Dungeon/KayKit_dungeon_pack_1.0/Models/Characters/obj/extra heads/mageHeadB.obj using Guid(3fabdd1c0fe03a948b92fbf04732ef69) Importer(815301076,1909f56bfc062723c751e8b465ee728b) [PhysX] Initialized MultithreadedTaskDispatcher with 16 workers.
[PhysX] Initialized MultithreadedTaskDispatcher with 16 workers.
[PhysX] Initialized MultithreadedTaskDispatcher with 16 workers.
[PhysX] Initialized MultithreadedTaskDispatcher with 16 workers.
[PhysX] Initialized MultithreadedTaskDispatcher with 16 workers.
[PhysX] Initialized MultithreadedTaskDispatcher with 16 workers.
[PhysX] Initialized MultithreadedTaskDispatcher with 16 workers.
 -> (artifact id: '7580fcf7a9dec5bdf73f8d2b8627701d') in 0.047952 seconds
Number of updated asset objects reloaded before import = 0
Number of asset objects unloaded after import = 12
========================================================================
Received Import Request.
  Time since last request: 0.000031 seconds.
  path: Assets/Dungeon/KayKit_dungeon_pack_1.0/Models/Characters/obj/extra heads/barbarianHeadA.obj
  artifactKey: Guid(2748168268bdb2f458cb01212f123cca) Importer(815301076,1909f56bfc062723c751e8b465ee728b)
Start importing Assets/Dungeon/KayKit_dungeon_pack_1.0/Models/Characters/obj/extra heads/barbarianHeadA.obj using Guid(2748168268bdb2f458cb01212f123cca) Importer(815301076,1909f56bfc062723c751e8b465ee728b) [PhysX] Initialized MultithreadedTaskDispatcher with 16 workers.
[PhysX] Initialized MultithreadedTaskDispatcher with 16 workers.
[PhysX] Initialized MultithreadedTaskDispatcher with 16 workers.
[PhysX] Initialized MultithreadedTaskDispatcher with 16 workers.
[PhysX] Initialized MultithreadedTaskDispatcher with 16 workers.
[PhysX] Initialized MultithreadedTaskDispatcher with 16 workers.
[PhysX] Initialized MultithreadedTaskDispatcher with 16 workers.
 -> (artifact id: 'abca5a30bd3b830e1a81cedddcdb3f48') in 0.055685 seconds
Number of updated asset objects reloaded before import = 0
Number of asset objects unloaded after import = 12
========================================================================
Received Import Request.
  Time since last request: 0.000035 seconds.
  path: Assets/Dungeon/KayKit_dungeon_pack_1.0/Models/dae/bookC.dae
  artifactKey: Guid(55546b5c00536f84685a6315f13319c2) Importer(815301076,1909f56bfc062723c751e8b465ee728b)
Start importing Assets/Dungeon/KayKit_dungeon_pack_1.0/Models/dae/bookC.dae using Guid(55546b5c00536f84685a6315f13319c2) Importer(815301076,1909f56bfc062723c751e8b465ee728b) [PhysX] Initialized MultithreadedTaskDispatcher with 16 workers.
[PhysX] Initialized MultithreadedTaskDispatcher with 16 workers.
[PhysX] Initialized MultithreadedTaskDispatcher with 16 workers.
[PhysX] Initialized MultithreadedTaskDispatcher with 16 workers.
[PhysX] Initialized MultithreadedTaskDispatcher with 16 workers.
 -> (artifact id: '79c9ab9ade6d02552944761fea18b6a6') in 0.033382 seconds
Number of updated asset objects reloaded before import = 0
Number of asset objects unloaded after import = 9
========================================================================
Received Import Request.
  Time since last request: 0.000055 seconds.
  path: Assets/Dungeon/KayKit_dungeon_pack_1.0/Models/Characters/obj/character_barbarianHat.obj
  artifactKey: Guid(b5c8851e43b5efe47a31dc92a84d118f) Importer(815301076,1909f56bfc062723c751e8b465ee728b)
Start importing Assets/Dungeon/KayKit_dungeon_pack_1.0/Models/Characters/obj/character_barbarianHat.obj using Guid(b5c8851e43b5efe47a31dc92a84d118f) Importer(815301076,1909f56bfc062723c751e8b465ee728b) [PhysX] Initialized MultithreadedTaskDispatcher with 16 workers.
[PhysX] Initialized MultithreadedTaskDispatcher with 16 workers.
[PhysX] Initialized MultithreadedTaskDispatcher with 16 workers.
[PhysX] Initialized MultithreadedTaskDispatcher with 16 workers.
[PhysX] Initialized MultithreadedTaskDispatcher with 16 workers.
[PhysX] Initialized MultithreadedTaskDispatcher with 16 workers.
[PhysX] Initialized MultithreadedTaskDispatcher with 16 workers.
 -> (artifact id: '969c823bf809ca9f6510abeff1bf16e8') in 0.045048 seconds
Number of updated asset objects reloaded before import = 0
Number of asset objects unloaded after import = 12
========================================================================
Received Import Request.
  Time since last request: 0.000032 seconds.
  path: Assets/Dungeon/KayKit_dungeon_pack_1.0/Models/Characters/fbx/extra heads/rogueHeadA.fbx
  artifactKey: Guid(36093be3bfe89a1448e5de678a6429a1) Importer(815301076,1909f56bfc062723c751e8b465ee728b)
Start importing Assets/Dungeon/KayKit_dungeon_pack_1.0/Models/Characters/fbx/extra heads/rogueHeadA.fbx using Guid(36093be3bfe89a1448e5de678a6429a1) Importer(815301076,1909f56bfc062723c751e8b465ee728b) [PhysX] Initialized MultithreadedTaskDispatcher with 16 workers.
[PhysX] Initialized MultithreadedTaskDispatcher with 16 workers.
[PhysX] Initialized MultithreadedTaskDispatcher with 16 workers.
[PhysX] Initialized MultithreadedTaskDispatcher with 16 workers.
[PhysX] Initialized MultithreadedTaskDispatcher with 16 workers.
 -> (artifact id: '1d975572fd9071130f33775902537a82') in 0.033455 seconds
Number of updated asset objects reloaded before import = 0
Number of asset objects unloaded after import = 9
========================================================================
Received Import Request.
  Time since last request: 0.000034 seconds.
  path: Assets/Dungeon/KayKit_dungeon_pack_1.0/Models/Characters/obj/extra heads/barbarianHeadB.obj
  artifactKey: Guid(e09992dbdec761b489ad0df6c007898f) Importer(815301076,1909f56bfc062723c751e8b465ee728b)
Start importing Assets/Dungeon/KayKit_dungeon_pack_1.0/Models/Characters/obj/extra heads/barbarianHeadB.obj using Guid(e09992dbdec761b489ad0df6c007898f) Importer(815301076,1909f56bfc062723c751e8b465ee728b) [PhysX] Initialized MultithreadedTaskDispatcher with 16 workers.
[PhysX] Initialized MultithreadedTaskDispatcher with 16 workers.
[PhysX] Initialized MultithreadedTaskDispatcher with 16 workers.
[PhysX] Initialized MultithreadedTaskDispatcher with 16 workers.
[PhysX] Initialized MultithreadedTaskDispatcher with 16 workers.
[PhysX] Initialized MultithreadedTaskDispatcher with 16 workers.
[PhysX] Initialized MultithreadedTaskDispatcher with 16 workers.
 -> (artifact id: 'dd980704dab3639dcbbd74bae246e418') in 0.049341 seconds
Number of updated asset objects reloaded before import = 0
Number of asset objects unloaded after import = 12
========================================================================
Received Import Request.
  Time since last request: 0.035226 seconds.
  path: Assets/Dungeon/KayKit_dungeon_pack_1.0/Models/Characters/obj/extra heads/mageHairC.obj
  artifactKey: Guid(e21b8975575398b4b962a1932f2a0713) Importer(815301076,1909f56bfc062723c751e8b465ee728b)
Start importing Assets/Dungeon/KayKit_dungeon_pack_1.0/Models/Characters/obj/extra heads/mageHairC.obj using Guid(e21b8975575398b4b962a1932f2a0713) Importer(815301076,1909f56bfc062723c751e8b465ee728b) [PhysX] Initialized MultithreadedTaskDispatcher with 16 workers.
[PhysX] Initialized MultithreadedTaskDispatcher with 16 workers.
[PhysX] Initialized MultithreadedTaskDispatcher with 16 workers.
[PhysX] Initialized MultithreadedTaskDispatcher with 16 workers.
[PhysX] Initialized MultithreadedTaskDispatcher with 16 workers.
[PhysX] Initialized MultithreadedTaskDispatcher with 16 workers.
 -> (artifact id: '44206f0e47c01bc4c8769eb45b5f9521') in 0.038990 seconds
Number of updated asset objects reloaded before import = 0
Number of asset objects unloaded after import = 11
========================================================================
Received Import Request.
  Time since last request: 0.000032 seconds.
  path: Assets/Dungeon/KayKit_dungeon_pack_1.0/Models/Characters/obj/character_knightBody.obj
  artifactKey: Guid(9f3bef7afe9aa93449c63747c9d4eec1) Importer(815301076,1909f56bfc062723c751e8b465ee728b)
Start importing Assets/Dungeon/KayKit_dungeon_pack_1.0/Models/Characters/obj/character_knightBody.obj using Guid(9f3bef7afe9aa93449c63747c9d4eec1) Importer(815301076,1909f56bfc062723c751e8b465ee728b) [PhysX] Initialized MultithreadedTaskDispatcher with 16 workers.
[PhysX] Initialized MultithreadedTaskDispatcher with 16 workers.
[PhysX] Initialized MultithreadedTaskDispatcher with 16 workers.
[PhysX] Initialized MultithreadedTaskDispatcher with 16 workers.
[PhysX] Initialized MultithreadedTaskDispatcher with 16 workers.
[PhysX] Initialized MultithreadedTaskDispatcher with 16 workers.
[PhysX] Initialized MultithreadedTaskDispatcher with 16 workers.
[PhysX] Initialized MultithreadedTaskDispatcher with 16 workers.
[PhysX] Initialized MultithreadedTaskDispatcher with 16 workers.
[PhysX] Initialized MultithreadedTaskDispatcher with 16 workers.
 -> (artifact id: '3421f9973e36ebbe2fc064779bab51b0') in 0.067310 seconds
Number of updated asset objects reloaded before import = 0
Number of asset objects unloaded after import = 15
========================================================================
Received Import Request.
  Time since last request: 0.000029 seconds.
  path: Assets/Dungeon/KayKit_dungeon_pack_1.0/Models/fbx/door_gate.fbx
  artifactKey: Guid(59e2bfdc49e77c7419b7ed2eec1aa9c8) Importer(815301076,1909f56bfc062723c751e8b465ee728b)
Start importing Assets/Dungeon/KayKit_dungeon_pack_1.0/Models/fbx/door_gate.fbx using Guid(59e2bfdc49e77c7419b7ed2eec1aa9c8) Importer(815301076,1909f56bfc062723c751e8b465ee728b) [PhysX] Initialized MultithreadedTaskDispatcher with 16 workers.
[PhysX] Initialized MultithreadedTaskDispatcher with 16 workers.
[PhysX] Initialized MultithreadedTaskDispatcher with 16 workers.
[PhysX] Initialized MultithreadedTaskDispatcher with 16 workers.
[PhysX] Initialized MultithreadedTaskDispatcher with 16 workers.
 -> (artifact id: '7079d2eea84799212f11e03a0cf36aaa') in 0.031783 seconds
Number of updated asset objects reloaded before import = 0
Number of asset objects unloaded after import = 9
========================================================================
Received Import Request.
  Time since last request: 0.000043 seconds.
  path: Assets/Dungeon/KayKit_dungeon_pack_1.0/Models/Characters/fbx/extra heads/skull.fbx
  artifactKey: Guid(2391f81e78fb2614d9162e71d1be9834) Importer(815301076,1909f56bfc062723c751e8b465ee728b)
Start importing Assets/Dungeon/KayKit_dungeon_pack_1.0/Models/Characters/fbx/extra heads/skull.fbx using Guid(2391f81e78fb2614d9162e71d1be9834) Importer(815301076,1909f56bfc062723c751e8b465ee728b) [PhysX] Initialized MultithreadedTaskDispatcher with 16 workers.
[PhysX] Initialized MultithreadedTaskDispatcher with 16 workers.
[PhysX] Initialized MultithreadedTaskDispatcher with 16 workers.
[PhysX] Initialized MultithreadedTaskDispatcher with 16 workers.
[PhysX] Initialized MultithreadedTaskDispatcher with 16 workers.
 -> (artifact id: '33f042fef323a6f9e46958301d94cefb') in 0.032418 seconds
Number of updated asset objects reloaded before import = 0
Number of asset objects unloaded after import = 9
Editor requested this worker to shutdown with reason: Scaling down because of idle timeout
TcpMessagingSession - receive error: operation aborted. errorcode: 995, details:  I/O 
AssetImportWorker is now disconnected from the server
Process exiting
Exiting without the bug reporter. Application will terminate with return code 0