Using pre-set license
Built from '2022.3/china_unity/release' branch; Version is '2022.3.47f1c1 (28b00139a434) revision 2666497'; Using compiler version '192829333'; Build Type 'Release'
OS: 'Windows 11  (10.0.26100) 64bit CoreCountrySpecific' Language: 'zh' Physical Memory: 40132 MB
BatchMode: 1, IsHumanControllingUs: 0, StartBugReporterOnCrash: 0, Is64bit: 1, IsPro: 1

COMMAND LINE ARGUMENTS:
F:\2022.3.47f1c1\Editor\Unity.exe
-adb2
-batchMode
-noUpm
-name
AssetImportWorker3
-projectPath
E:/GamePrepare/ProjectPractice/MazeStart
-logFile
Logs/AssetImportWorker3.log
-srvPort
57219
Successfully changed project path to: E:/GamePrepare/ProjectPractice/MazeStart
E:/GamePrepare/ProjectPractice/MazeStart
[UnityMemory] Configuration Parameters - Can be set up in boot.config
    "memorysetup-bucket-allocator-granularity=16"
    "memorysetup-bucket-allocator-bucket-count=8"
    "memorysetup-bucket-allocator-block-size=33554432"
    "memorysetup-bucket-allocator-block-count=8"
    "memorysetup-main-allocator-block-size=16777216"
    "memorysetup-thread-allocator-block-size=16777216"
    "memorysetup-gfx-main-allocator-block-size=16777216"
    "memorysetup-gfx-thread-allocator-block-size=16777216"
    "memorysetup-cache-allocator-block-size=4194304"
    "memorysetup-typetree-allocator-block-size=2097152"
    "memorysetup-profiler-bucket-allocator-granularity=16"
    "memorysetup-profiler-bucket-allocator-bucket-count=8"
    "memorysetup-profiler-bucket-allocator-block-size=33554432"
    "memorysetup-profiler-bucket-allocator-block-count=8"
    "memorysetup-profiler-allocator-block-size=16777216"
    "memorysetup-profiler-editor-allocator-block-size=1048576"
    "memorysetup-temp-allocator-size-main=16777216"
    "memorysetup-job-temp-allocator-block-size=2097152"
    "memorysetup-job-temp-allocator-block-size-background=1048576"
    "memorysetup-job-temp-allocator-reduction-small-platforms=262144"
    "memorysetup-allocator-temp-initial-block-size-main=262144"
    "memorysetup-allocator-temp-initial-block-size-worker=262144"
    "memorysetup-temp-allocator-size-background-worker=32768"
    "memorysetup-temp-allocator-size-job-worker=262144"
    "memorysetup-temp-allocator-size-preload-manager=33554432"
    "memorysetup-temp-allocator-size-nav-mesh-worker=65536"
    "memorysetup-temp-allocator-size-audio-worker=65536"
    "memorysetup-temp-allocator-size-cloud-worker=32768"
    "memorysetup-temp-allocator-size-gi-baking-worker=262144"
    "memorysetup-temp-allocator-size-gfx=262144"
Player connection [44324]  Target information:

Player connection [44324]  * "[IP] 192.168.1.2 [Port] 0 [Flags] 2 [Guid] 75760845 [EditorId] 75760845 [Version] 1048832 [Id] WindowsEditor(7,gift) [Debug] 1 [PackageName] WindowsEditor [ProjectName] Editor" 

Player connection [44324] Host joined multi-casting on [225.0.0.222:54997]...
Player connection [44324] Host joined alternative multi-casting on [225.0.0.222:34997]...
[PhysX] Initialized MultithreadedTaskDispatcher with 16 workers.
Refreshing native plugins compatible for Editor in 42.60 ms, found 3 plugins.
Preloading 0 native plugins for Editor in 0.00 ms.
Initialize engine version: 2022.3.47f1c1 (28b00139a434)
[Subsystems] Discovering subsystems at path F:/2022.3.47f1c1/Editor/Data/Resources/UnitySubsystems
[Subsystems] Discovering subsystems at path E:/GamePrepare/ProjectPractice/MazeStart/Assets
GfxDevice: creating device client; threaded=0; jobified=0
Direct3D:
    Version:  Direct3D 11.0 [level 11.1]
    Renderer: NVIDIA GeForce RTX 4060 Laptop GPU (ID=0x28e0)
    Vendor:   NVIDIA
    VRAM:     7957 MB
    Driver:   32.0.15.6094
Initialize mono
Mono path[0] = 'F:/2022.3.47f1c1/Editor/Data/Managed'
Mono path[1] = 'F:/2022.3.47f1c1/Editor/Data/MonoBleedingEdge/lib/mono/unityjit-win32'
Mono config path = 'F:/2022.3.47f1c1/Editor/Data/MonoBleedingEdge/etc'
Using monoOptions --debugger-agent=transport=dt_socket,embedding=1,server=y,suspend=n,address=127.0.0.1:56128
Begin MonoManager ReloadAssembly
Registering precompiled unity dll's ...
Register platform support module: F:/2022.3.47f1c1/Editor/Data/PlaybackEngines/WebGLSupport/UnityEditor.WebGL.Extensions.dll
Register platform support module: F:/2022.3.47f1c1/Editor/Data/PlaybackEngines/WindowsStandaloneSupport/UnityEditor.WindowsStandalone.Extensions.dll
Registered in 0.015762 seconds.
- Loaded All Assemblies, in  0.749 seconds
Native extension for WindowsStandalone target not found
Native extension for WebGL target not found
Mono: successfully reloaded assembly
- Finished resetting the current domain, in  0.389 seconds
Domain Reload Profiling: 1119ms
	BeginReloadAssembly (280ms)
		ExecutionOrderSort (0ms)
		DisableScriptedObjects (0ms)
		BackupInstance (0ms)
		ReleaseScriptingObjects (0ms)
		CreateAndSetChildDomain (1ms)
	RebuildCommonClasses (67ms)
	RebuildNativeTypeToScriptingClass (15ms)
	initialDomainReloadingComplete (104ms)
	LoadAllAssembliesAndSetupDomain (262ms)
		LoadAssemblies (263ms)
		RebuildTransferFunctionScriptingTraits (0ms)
		AnalyzeDomain (258ms)
			TypeCache.Refresh (255ms)
				TypeCache.ScanAssembly (231ms)
			ScanForSourceGeneratedMonoScriptInfo (1ms)
			ResolveRequiredComponents (1ms)
	FinalizeReload (390ms)
		ReleaseScriptCaches (0ms)
		RebuildScriptCaches (0ms)
		SetupLoadedEditorAssemblies (323ms)
			LogAssemblyErrors (0ms)
			InitializePlatformSupportModulesInManaged (20ms)
			SetLoadedEditorAssemblies (7ms)
			RefreshPlugins (0ms)
			BeforeProcessingInitializeOnLoad (4ms)
			ProcessInitializeOnLoadAttributes (223ms)
			ProcessInitializeOnLoadMethodAttributes (69ms)
			AfterProcessingInitializeOnLoad (0ms)
			EditorAssembliesLoaded (0ms)
		ExecutionOrderSort2 (0ms)
		AwakeInstancesAfterBackupRestoration (0ms)
========================================================================
Worker process is ready to serve import requests
Caller must complete domain reload
Begin MonoManager ReloadAssembly
- Loaded All Assemblies, in  1.240 seconds
Native extension for WindowsStandalone target not found
Native extension for WebGL target not found
Package Manager log level set to [2]
[Package Manager] Server::EnsureServerProcessIsRunning -- launch failed, reason: Unity was launched with the -noUpm command-line argument
[Package Manager] UpmClient::Send -- Unable to send message (not connected to UPM process).
[Package Manager] Cannot connect to Unity Package Manager local server
Mono: successfully reloaded assembly
- Finished resetting the current domain, in  1.534 seconds
Domain Reload Profiling: 2736ms
	BeginReloadAssembly (295ms)
		ExecutionOrderSort (0ms)
		DisableScriptedObjects (8ms)
		BackupInstance (0ms)
		ReleaseScriptingObjects (0ms)
		CreateAndSetChildDomain (31ms)
	RebuildCommonClasses (51ms)
	RebuildNativeTypeToScriptingClass (17ms)
	initialDomainReloadingComplete (126ms)
	LoadAllAssembliesAndSetupDomain (712ms)
		LoadAssemblies (659ms)
		RebuildTransferFunctionScriptingTraits (0ms)
		AnalyzeDomain (257ms)
			TypeCache.Refresh (216ms)
				TypeCache.ScanAssembly (199ms)
			ScanForSourceGeneratedMonoScriptInfo (30ms)
			ResolveRequiredComponents (8ms)
	FinalizeReload (1535ms)
		ReleaseScriptCaches (0ms)
		RebuildScriptCaches (0ms)
		SetupLoadedEditorAssemblies (1327ms)
			LogAssemblyErrors (0ms)
			InitializePlatformSupportModulesInManaged (11ms)
			SetLoadedEditorAssemblies (7ms)
			RefreshPlugins (0ms)
			BeforeProcessingInitializeOnLoad (174ms)
			ProcessInitializeOnLoadAttributes (1070ms)
			ProcessInitializeOnLoadMethodAttributes (29ms)
			AfterProcessingInitializeOnLoad (36ms)
			EditorAssembliesLoaded (0ms)
		ExecutionOrderSort2 (0ms)
		AwakeInstancesAfterBackupRestoration (20ms)
Launched and connected shader compiler UnityShaderCompiler.exe after 0.12 seconds
Refreshing native plugins compatible for Editor in 15.79 ms, found 3 plugins.
Preloading 0 native plugins for Editor in 0.00 ms.
Unloading 3325 Unused Serialized files (Serialized files now loaded: 0)
Unloading 32 unused Assets / (128.2 KB). Loaded Objects now: 3808.
Memory consumption went from 139.7 MB to 139.5 MB.
Total: 4.671400 ms (FindLiveObjects: 0.293400 ms CreateObjectMapping: 0.100000 ms MarkObjects: 4.110400 ms  DeleteObjects: 0.166300 ms)

AssetImportParameters requested are different than current active one (requested -> active):
  custom:container-demuxer-ogg: 62fdf1f143b41e24485cea50d1cbac27 -> 
  custom:video-codec-MediaFoundation-h265: 746d11721c4dcdbdad8f713fa42b33f4 -> 
  custom:video-decoder-ogg-theora: a1e56fd34408186e4bbccfd4996cb3dc -> 
  custom:framework-win-MediaFoundation: 216162199b28c13a410421893ffa2e32 -> 
  custom:CustomObjectIndexerAttribute: 9a22284fe3817be447336de3de66b15e -> 
  custom:container-demuxer-webm: 4f35f7cbe854078d1ac9338744f61a02 -> 
  custom:container-muxer-webm: aa71ff27fc2769a1b78a27578f13a17b -> 
  custom:video-decoder-webm-vp8: 9c59270c3fd7afecdb556c50c9e8de78 -> 
  custom:SearchIndexIgnoredProperties: e643bd26f0fe6173181afceb89e7c659 -> 
  custom:AudioImporter_EditorPlatform: d09bf68614088b80899f8185d706f6e7 -> 
  custom:video-encoder-webm-vp8: eb34c28f22e8b96e1ab97ce403110664 -> 
  custom:audio-decoder-ogg-vorbis: bf7c407c2cedff20999df2af8eb42d56 -> 
  custom:audio-encoder-webm-vorbis: bf7c407c2cedff20999df2af8eb42d56 -> 
========================================================================
Received Import Request.
  Time since last request: 236975.456289 seconds.
  path: Assets/Dungeon/KayKit_dungeon_pack_1.0/Models/fbx/barrelDark.fbx
  artifactKey: Guid(05836f9c8ab401d4ea2f5700d5ec763d) Importer(815301076,1909f56bfc062723c751e8b465ee728b)
Start importing Assets/Dungeon/KayKit_dungeon_pack_1.0/Models/fbx/barrelDark.fbx using Guid(05836f9c8ab401d4ea2f5700d5ec763d) Importer(815301076,1909f56bfc062723c751e8b465ee728b) [PhysX] Initialized MultithreadedTaskDispatcher with 16 workers.
[PhysX] Initialized MultithreadedTaskDispatcher with 16 workers.
[PhysX] Initialized MultithreadedTaskDispatcher with 16 workers.
[PhysX] Initialized MultithreadedTaskDispatcher with 16 workers.
[PhysX] Initialized MultithreadedTaskDispatcher with 16 workers.
[PhysX] Initialized MultithreadedTaskDispatcher with 16 workers.
 -> (artifact id: '1acd513786b21925a90a97e6680dbc74') in 0.245911 seconds
Number of updated asset objects reloaded before import = 0
Number of asset objects unloaded after import = 10
========================================================================
Received Import Request.
  Time since last request: 0.097380 seconds.
  path: Assets/Dungeon/KayKit_dungeon_pack_1.0/Models/fbx/pots.fbx
  artifactKey: Guid(43cf2cdd92cc0764992219533eb6a342) Importer(815301076,1909f56bfc062723c751e8b465ee728b)
Start importing Assets/Dungeon/KayKit_dungeon_pack_1.0/Models/fbx/pots.fbx using Guid(43cf2cdd92cc0764992219533eb6a342) Importer(815301076,1909f56bfc062723c751e8b465ee728b) [PhysX] Initialized MultithreadedTaskDispatcher with 16 workers.
[PhysX] Initialized MultithreadedTaskDispatcher with 16 workers.
[PhysX] Initialized MultithreadedTaskDispatcher with 16 workers.
[PhysX] Initialized MultithreadedTaskDispatcher with 16 workers.
 -> (artifact id: '35bed1fc30ab0cb5f046e00450278c7e') in 0.037667 seconds
Number of updated asset objects reloaded before import = 0
Number of asset objects unloaded after import = 8
========================================================================
Received Import Request.
  Time since last request: 0.000024 seconds.
  path: Assets/Dungeon/KayKit_dungeon_pack_1.0/Models/Characters/fbx/extra heads/barbarianHeadC.fbx
  artifactKey: Guid(23113bdd1ec3d1a4fbc2c2d44ed3f272) Importer(815301076,1909f56bfc062723c751e8b465ee728b)
Start importing Assets/Dungeon/KayKit_dungeon_pack_1.0/Models/Characters/fbx/extra heads/barbarianHeadC.fbx using Guid(23113bdd1ec3d1a4fbc2c2d44ed3f272) Importer(815301076,1909f56bfc062723c751e8b465ee728b) [PhysX] Initialized MultithreadedTaskDispatcher with 16 workers.
[PhysX] Initialized MultithreadedTaskDispatcher with 16 workers.
[PhysX] Initialized MultithreadedTaskDispatcher with 16 workers.
[PhysX] Initialized MultithreadedTaskDispatcher with 16 workers.
[PhysX] Initialized MultithreadedTaskDispatcher with 16 workers.
[PhysX] Initialized MultithreadedTaskDispatcher with 16 workers.
 -> (artifact id: '97cbf61d2485c30698f1587757b20f66') in 0.047478 seconds
Number of updated asset objects reloaded before import = 0
Number of asset objects unloaded after import = 10
========================================================================
Received Import Request.
  Time since last request: 0.323416 seconds.
  path: Assets/Dungeon/KayKit_dungeon_pack_1.0/Models/Characters/fbx/extra heads/mageHeadC.fbx
  artifactKey: Guid(14bd8e011196bbd49b9dd914eb8fe2bc) Importer(815301076,1909f56bfc062723c751e8b465ee728b)
Start importing Assets/Dungeon/KayKit_dungeon_pack_1.0/Models/Characters/fbx/extra heads/mageHeadC.fbx using Guid(14bd8e011196bbd49b9dd914eb8fe2bc) Importer(815301076,1909f56bfc062723c751e8b465ee728b) [PhysX] Initialized MultithreadedTaskDispatcher with 16 workers.
[PhysX] Initialized MultithreadedTaskDispatcher with 16 workers.
[PhysX] Initialized MultithreadedTaskDispatcher with 16 workers.
[PhysX] Initialized MultithreadedTaskDispatcher with 16 workers.
[PhysX] Initialized MultithreadedTaskDispatcher with 16 workers.
 -> (artifact id: '3e959220379aebdbfe803d73bd6c9a5c') in 0.057498 seconds
Number of updated asset objects reloaded before import = 0
Number of asset objects unloaded after import = 9
========================================================================
Received Import Request.
  Time since last request: 0.116800 seconds.
  path: Assets/Dungeon/KayKit_dungeon_pack_1.0/Models/fbx/potionSmall_green.fbx
  artifactKey: Guid(f45b3778fbf19a44a96986c81eb9db19) Importer(815301076,1909f56bfc062723c751e8b465ee728b)
Start importing Assets/Dungeon/KayKit_dungeon_pack_1.0/Models/fbx/potionSmall_green.fbx using Guid(f45b3778fbf19a44a96986c81eb9db19) Importer(815301076,1909f56bfc062723c751e8b465ee728b) [PhysX] Initialized MultithreadedTaskDispatcher with 16 workers.
[PhysX] Initialized MultithreadedTaskDispatcher with 16 workers.
[PhysX] Initialized MultithreadedTaskDispatcher with 16 workers.
[PhysX] Initialized MultithreadedTaskDispatcher with 16 workers.
[PhysX] Initialized MultithreadedTaskDispatcher with 16 workers.
[PhysX] Initialized MultithreadedTaskDispatcher with 16 workers.
 -> (artifact id: '576d221124bc92dfc2aef2dafdcd83d9') in 0.055421 seconds
Number of updated asset objects reloaded before import = 0
Number of asset objects unloaded after import = 10
========================================================================
Received Import Request.
  Time since last request: 0.000252 seconds.
  path: Assets/Dungeon/KayKit_dungeon_pack_1.0/Models/Characters/fbx/extra heads/rogueHeadC.fbx
  artifactKey: Guid(b09e28cac4457ed4988f38988398abac) Importer(815301076,1909f56bfc062723c751e8b465ee728b)
Start importing Assets/Dungeon/KayKit_dungeon_pack_1.0/Models/Characters/fbx/extra heads/rogueHeadC.fbx using Guid(b09e28cac4457ed4988f38988398abac) Importer(815301076,1909f56bfc062723c751e8b465ee728b) [PhysX] Initialized MultithreadedTaskDispatcher with 16 workers.
[PhysX] Initialized MultithreadedTaskDispatcher with 16 workers.
[PhysX] Initialized MultithreadedTaskDispatcher with 16 workers.
[PhysX] Initialized MultithreadedTaskDispatcher with 16 workers.
[PhysX] Initialized MultithreadedTaskDispatcher with 16 workers.
 -> (artifact id: '06fd3272662bb13823e121f8c3840ba8') in 0.042017 seconds
Number of updated asset objects reloaded before import = 0
Number of asset objects unloaded after import = 9
========================================================================
Received Import Request.
  Time since last request: 0.000025 seconds.
  path: Assets/Dungeon/KayKit_dungeon_pack_1.0/Models/dae/barrel.dae
  artifactKey: Guid(a33d99f520b2f864fa9f63c20c787a59) Importer(815301076,1909f56bfc062723c751e8b465ee728b)
Start importing Assets/Dungeon/KayKit_dungeon_pack_1.0/Models/dae/barrel.dae using Guid(a33d99f520b2f864fa9f63c20c787a59) Importer(815301076,1909f56bfc062723c751e8b465ee728b) [PhysX] Initialized MultithreadedTaskDispatcher with 16 workers.
[PhysX] Initialized MultithreadedTaskDispatcher with 16 workers.
[PhysX] Initialized MultithreadedTaskDispatcher with 16 workers.
[PhysX] Initialized MultithreadedTaskDispatcher with 16 workers.
[PhysX] Initialized MultithreadedTaskDispatcher with 16 workers.
[PhysX] Initialized MultithreadedTaskDispatcher with 16 workers.
 -> (artifact id: 'be12e0ecc7aee8a61b2066db135f4001') in 0.040704 seconds
Number of updated asset objects reloaded before import = 0
Number of asset objects unloaded after import = 10
========================================================================
Received Import Request.
  Time since last request: 0.243380 seconds.
  path: Assets/Dungeon/KayKit_dungeon_pack_1.0/Models/Characters/dae/extra heads/mageHeadC.dae
  artifactKey: Guid(cb914515122f60a44995a5e7a349a9c6) Importer(815301076,1909f56bfc062723c751e8b465ee728b)
Start importing Assets/Dungeon/KayKit_dungeon_pack_1.0/Models/Characters/dae/extra heads/mageHeadC.dae using Guid(cb914515122f60a44995a5e7a349a9c6) Importer(815301076,1909f56bfc062723c751e8b465ee728b) [PhysX] Initialized MultithreadedTaskDispatcher with 16 workers.
[PhysX] Initialized MultithreadedTaskDispatcher with 16 workers.
[PhysX] Initialized MultithreadedTaskDispatcher with 16 workers.
[PhysX] Initialized MultithreadedTaskDispatcher with 16 workers.
[PhysX] Initialized MultithreadedTaskDispatcher with 16 workers.
[PhysX] Initialized MultithreadedTaskDispatcher with 16 workers.
[PhysX] Initialized MultithreadedTaskDispatcher with 16 workers.
[PhysX] Initialized MultithreadedTaskDispatcher with 16 workers.
 -> (artifact id: 'a503287115ca5eb6bebba445ebe5140d') in 0.063214 seconds
Number of updated asset objects reloaded before import = 0
Number of asset objects unloaded after import = 15
========================================================================
Received Import Request.
  Time since last request: 0.000039 seconds.
  path: Assets/Dungeon/KayKit_dungeon_pack_1.0/Models/dae/potA.dae
  artifactKey: Guid(e7492ded3ebae8a4089bd828d70a220d) Importer(815301076,1909f56bfc062723c751e8b465ee728b)
Start importing Assets/Dungeon/KayKit_dungeon_pack_1.0/Models/dae/potA.dae using Guid(e7492ded3ebae8a4089bd828d70a220d) Importer(815301076,1909f56bfc062723c751e8b465ee728b) [PhysX] Initialized MultithreadedTaskDispatcher with 16 workers.
[PhysX] Initialized MultithreadedTaskDispatcher with 16 workers.
[PhysX] Initialized MultithreadedTaskDispatcher with 16 workers.
[PhysX] Initialized MultithreadedTaskDispatcher with 16 workers.
 -> (artifact id: 'd4b4e07a8da5138e4aa7ab795156135a') in 0.029451 seconds
Number of updated asset objects reloaded before import = 0
Number of asset objects unloaded after import = 8
========================================================================
Received Import Request.
  Time since last request: 0.000043 seconds.
  path: Assets/Dungeon/KayKit_dungeon_pack_1.0/Models/dae/potA_decorated.dae
  artifactKey: Guid(6d7ff601e01c278468bb3c9ec6b6b2ec) Importer(815301076,1909f56bfc062723c751e8b465ee728b)
Start importing Assets/Dungeon/KayKit_dungeon_pack_1.0/Models/dae/potA_decorated.dae using Guid(6d7ff601e01c278468bb3c9ec6b6b2ec) Importer(815301076,1909f56bfc062723c751e8b465ee728b) [PhysX] Initialized MultithreadedTaskDispatcher with 16 workers.
[PhysX] Initialized MultithreadedTaskDispatcher with 16 workers.
[PhysX] Initialized MultithreadedTaskDispatcher with 16 workers.
[PhysX] Initialized MultithreadedTaskDispatcher with 16 workers.
[PhysX] Initialized MultithreadedTaskDispatcher with 16 workers.
 -> (artifact id: '0a8a600650c4f3f3eb1ad0c07ff491ba') in 0.041203 seconds
Number of updated asset objects reloaded before import = 0
Number of asset objects unloaded after import = 9
========================================================================
Received Import Request.
  Time since last request: 0.000033 seconds.
  path: Assets/Dungeon/KayKit_dungeon_pack_1.0/Models/dae/potC_decorated.dae
  artifactKey: Guid(dfbce51ae2490144884d7a41bf98f954) Importer(815301076,1909f56bfc062723c751e8b465ee728b)
Start importing Assets/Dungeon/KayKit_dungeon_pack_1.0/Models/dae/potC_decorated.dae using Guid(dfbce51ae2490144884d7a41bf98f954) Importer(815301076,1909f56bfc062723c751e8b465ee728b) [PhysX] Initialized MultithreadedTaskDispatcher with 16 workers.
[PhysX] Initialized MultithreadedTaskDispatcher with 16 workers.
[PhysX] Initialized MultithreadedTaskDispatcher with 16 workers.
[PhysX] Initialized MultithreadedTaskDispatcher with 16 workers.
[PhysX] Initialized MultithreadedTaskDispatcher with 16 workers.
 -> (artifact id: '83dce5226fa3ed4b8b21a91a3c408157') in 0.038804 seconds
Number of updated asset objects reloaded before import = 0
Number of asset objects unloaded after import = 9
========================================================================
Received Import Request.
  Time since last request: 0.000028 seconds.
  path: Assets/Dungeon/KayKit_dungeon_pack_1.0/Models/dae/potB_decorated.dae
  artifactKey: Guid(e3a61f8b9c5ba2a4ba00d71123af3daa) Importer(815301076,1909f56bfc062723c751e8b465ee728b)
Start importing Assets/Dungeon/KayKit_dungeon_pack_1.0/Models/dae/potB_decorated.dae using Guid(e3a61f8b9c5ba2a4ba00d71123af3daa) Importer(815301076,1909f56bfc062723c751e8b465ee728b) [PhysX] Initialized MultithreadedTaskDispatcher with 16 workers.
[PhysX] Initialized MultithreadedTaskDispatcher with 16 workers.
[PhysX] Initialized MultithreadedTaskDispatcher with 16 workers.
[PhysX] Initialized MultithreadedTaskDispatcher with 16 workers.
[PhysX] Initialized MultithreadedTaskDispatcher with 16 workers.
 -> (artifact id: 'c0615c63aa5fb3ea25ef0c55fb29f2fe') in 0.039048 seconds
Number of updated asset objects reloaded before import = 0
Number of asset objects unloaded after import = 9
========================================================================
Received Import Request.
  Time since last request: 0.000047 seconds.
  path: Assets/Dungeon/KayKit_dungeon_pack_1.0/Models/fbx/potionMedium_blue.fbx
  artifactKey: Guid(92adb256d37a44b459fba4d5c88d60ac) Importer(815301076,1909f56bfc062723c751e8b465ee728b)
Start importing Assets/Dungeon/KayKit_dungeon_pack_1.0/Models/fbx/potionMedium_blue.fbx using Guid(92adb256d37a44b459fba4d5c88d60ac) Importer(815301076,1909f56bfc062723c751e8b465ee728b) [PhysX] Initialized MultithreadedTaskDispatcher with 16 workers.
[PhysX] Initialized MultithreadedTaskDispatcher with 16 workers.
[PhysX] Initialized MultithreadedTaskDispatcher with 16 workers.
[PhysX] Initialized MultithreadedTaskDispatcher with 16 workers.
[PhysX] Initialized MultithreadedTaskDispatcher with 16 workers.
[PhysX] Initialized MultithreadedTaskDispatcher with 16 workers.
 -> (artifact id: '3cb344163399c19cedf95625fba777a4') in 0.047981 seconds
Number of updated asset objects reloaded before import = 0
Number of asset objects unloaded after import = 10
========================================================================
Received Import Request.
  Time since last request: 0.000048 seconds.
  path: Assets/Dungeon/KayKit_dungeon_pack_1.0/Models/Characters/obj/character_knightHead.obj
  artifactKey: Guid(9e571ea4fd18dc24197c41080ae99162) Importer(815301076,1909f56bfc062723c751e8b465ee728b)
Start importing Assets/Dungeon/KayKit_dungeon_pack_1.0/Models/Characters/obj/character_knightHead.obj using Guid(9e571ea4fd18dc24197c41080ae99162) Importer(815301076,1909f56bfc062723c751e8b465ee728b) [PhysX] Initialized MultithreadedTaskDispatcher with 16 workers.
[PhysX] Initialized MultithreadedTaskDispatcher with 16 workers.
[PhysX] Initialized MultithreadedTaskDispatcher with 16 workers.
[PhysX] Initialized MultithreadedTaskDispatcher with 16 workers.
[PhysX] Initialized MultithreadedTaskDispatcher with 16 workers.
[PhysX] Initialized MultithreadedTaskDispatcher with 16 workers.
[PhysX] Initialized MultithreadedTaskDispatcher with 16 workers.
 -> (artifact id: 'e8d453910ef776e3e7939509b6b8bae0') in 0.059375 seconds
Number of updated asset objects reloaded before import = 0
Number of asset objects unloaded after import = 12
========================================================================
Received Import Request.
  Time since last request: 0.099466 seconds.
  path: Assets/Dungeon/KayKit_dungeon_pack_1.0/Models/fbx/potionSmall_red.fbx
  artifactKey: Guid(1d3a7a5336509984d949be0efed3e67b) Importer(815301076,1909f56bfc062723c751e8b465ee728b)
Start importing Assets/Dungeon/KayKit_dungeon_pack_1.0/Models/fbx/potionSmall_red.fbx using Guid(1d3a7a5336509984d949be0efed3e67b) Importer(815301076,1909f56bfc062723c751e8b465ee728b) [PhysX] Initialized MultithreadedTaskDispatcher with 16 workers.
[PhysX] Initialized MultithreadedTaskDispatcher with 16 workers.
[PhysX] Initialized MultithreadedTaskDispatcher with 16 workers.
[PhysX] Initialized MultithreadedTaskDispatcher with 16 workers.
[PhysX] Initialized MultithreadedTaskDispatcher with 16 workers.
[PhysX] Initialized MultithreadedTaskDispatcher with 16 workers.
 -> (artifact id: '776e487fc03990c7f249c1d65955ac06') in 0.044963 seconds
Number of updated asset objects reloaded before import = 0
Number of asset objects unloaded after import = 10
========================================================================
Received Import Request.
  Time since last request: 0.000023 seconds.
  path: Assets/Dungeon/KayKit_dungeon_pack_1.0/Models/dae/lootSackA.dae
  artifactKey: Guid(20c05500e03a5234db9ab702fc23a558) Importer(815301076,1909f56bfc062723c751e8b465ee728b)
Start importing Assets/Dungeon/KayKit_dungeon_pack_1.0/Models/dae/lootSackA.dae using Guid(20c05500e03a5234db9ab702fc23a558) Importer(815301076,1909f56bfc062723c751e8b465ee728b) [PhysX] Initialized MultithreadedTaskDispatcher with 16 workers.
[PhysX] Initialized MultithreadedTaskDispatcher with 16 workers.
[PhysX] Initialized MultithreadedTaskDispatcher with 16 workers.
[PhysX] Initialized MultithreadedTaskDispatcher with 16 workers.
[PhysX] Initialized MultithreadedTaskDispatcher with 16 workers.
 -> (artifact id: '6dbb6d565fc3c6c2c1a032919b5fc3ac') in 0.044652 seconds
Number of updated asset objects reloaded before import = 0
Number of asset objects unloaded after import = 9
========================================================================
Received Import Request.
  Time since last request: 0.000033 seconds.
  path: Assets/Dungeon/KayKit_dungeon_pack_1.0/Models/dae/lootSackB.dae
  artifactKey: Guid(6686b3ebc1d46d84a881323b120a2e4d) Importer(815301076,1909f56bfc062723c751e8b465ee728b)
Start importing Assets/Dungeon/KayKit_dungeon_pack_1.0/Models/dae/lootSackB.dae using Guid(6686b3ebc1d46d84a881323b120a2e4d) Importer(815301076,1909f56bfc062723c751e8b465ee728b) [PhysX] Initialized MultithreadedTaskDispatcher with 16 workers.
[PhysX] Initialized MultithreadedTaskDispatcher with 16 workers.
[PhysX] Initialized MultithreadedTaskDispatcher with 16 workers.
[PhysX] Initialized MultithreadedTaskDispatcher with 16 workers.
[PhysX] Initialized MultithreadedTaskDispatcher with 16 workers.
 -> (artifact id: '5e4ba155829ae6ec418f0bf50ab09215') in 0.033139 seconds
Number of updated asset objects reloaded before import = 0
Number of asset objects unloaded after import = 9
========================================================================
Received Import Request.
  Time since last request: 0.000058 seconds.
  path: Assets/Dungeon/KayKit_dungeon_pack_1.0/Models/Characters/obj/extra heads/mageHeadC.obj
  artifactKey: Guid(f80907c94fc99dc4aba116f73f0cb903) Importer(815301076,1909f56bfc062723c751e8b465ee728b)
Start importing Assets/Dungeon/KayKit_dungeon_pack_1.0/Models/Characters/obj/extra heads/mageHeadC.obj using Guid(f80907c94fc99dc4aba116f73f0cb903) Importer(815301076,1909f56bfc062723c751e8b465ee728b) [PhysX] Initialized MultithreadedTaskDispatcher with 16 workers.
[PhysX] Initialized MultithreadedTaskDispatcher with 16 workers.
[PhysX] Initialized MultithreadedTaskDispatcher with 16 workers.
[PhysX] Initialized MultithreadedTaskDispatcher with 16 workers.
[PhysX] Initialized MultithreadedTaskDispatcher with 16 workers.
[PhysX] Initialized MultithreadedTaskDispatcher with 16 workers.
 -> (artifact id: 'dbc2ca29fd7a66bb71d5596f4fb07fd8') in 0.036317 seconds
Number of updated asset objects reloaded before import = 0
Number of asset objects unloaded after import = 11
========================================================================
Received Import Request.
  Time since last request: 0.000031 seconds.
  path: Assets/Dungeon/KayKit_dungeon_pack_1.0/Models/dae/potionSmall_red.dae
  artifactKey: Guid(1503b28a74d1cc145acabb9e06dfc808) Importer(815301076,1909f56bfc062723c751e8b465ee728b)
Start importing Assets/Dungeon/KayKit_dungeon_pack_1.0/Models/dae/potionSmall_red.dae using Guid(1503b28a74d1cc145acabb9e06dfc808) Importer(815301076,1909f56bfc062723c751e8b465ee728b) [PhysX] Initialized MultithreadedTaskDispatcher with 16 workers.
[PhysX] Initialized MultithreadedTaskDispatcher with 16 workers.
[PhysX] Initialized MultithreadedTaskDispatcher with 16 workers.
[PhysX] Initialized MultithreadedTaskDispatcher with 16 workers.
[PhysX] Initialized MultithreadedTaskDispatcher with 16 workers.
[PhysX] Initialized MultithreadedTaskDispatcher with 16 workers.
 -> (artifact id: '5243308130e33dc302763b1a4717d926') in 0.047435 seconds
Number of updated asset objects reloaded before import = 0
Number of asset objects unloaded after import = 10
========================================================================
Received Import Request.
  Time since last request: 0.000116 seconds.
  path: Assets/Dungeon/KayKit_dungeon_pack_1.0/Models/Characters/obj/extra heads/knightHeadC.obj
  artifactKey: Guid(30861426357bbb945b6ac8011172c6a1) Importer(815301076,1909f56bfc062723c751e8b465ee728b)
Start importing Assets/Dungeon/KayKit_dungeon_pack_1.0/Models/Characters/obj/extra heads/knightHeadC.obj using Guid(30861426357bbb945b6ac8011172c6a1) Importer(815301076,1909f56bfc062723c751e8b465ee728b) [PhysX] Initialized MultithreadedTaskDispatcher with 16 workers.
[PhysX] Initialized MultithreadedTaskDispatcher with 16 workers.
[PhysX] Initialized MultithreadedTaskDispatcher with 16 workers.
[PhysX] Initialized MultithreadedTaskDispatcher with 16 workers.
[PhysX] Initialized MultithreadedTaskDispatcher with 16 workers.
[PhysX] Initialized MultithreadedTaskDispatcher with 16 workers.
 -> (artifact id: '86f035d916a8d0abf518f84ead14c77e') in 0.043000 seconds
Number of updated asset objects reloaded before import = 0
Number of asset objects unloaded after import = 11
========================================================================
Received Import Request.
  Time since last request: 0.000026 seconds.
  path: Assets/Dungeon/KayKit_dungeon_pack_1.0/Models/dae/potionLarge_red.dae
  artifactKey: Guid(60d4bc212cad158498dbae8115c174e4) Importer(815301076,1909f56bfc062723c751e8b465ee728b)
Start importing Assets/Dungeon/KayKit_dungeon_pack_1.0/Models/dae/potionLarge_red.dae using Guid(60d4bc212cad158498dbae8115c174e4) Importer(815301076,1909f56bfc062723c751e8b465ee728b) [PhysX] Initialized MultithreadedTaskDispatcher with 16 workers.
[PhysX] Initialized MultithreadedTaskDispatcher with 16 workers.
[PhysX] Initialized MultithreadedTaskDispatcher with 16 workers.
[PhysX] Initialized MultithreadedTaskDispatcher with 16 workers.
[PhysX] Initialized MultithreadedTaskDispatcher with 16 workers.
[PhysX] Initialized MultithreadedTaskDispatcher with 16 workers.
 -> (artifact id: '585a75bc6917cd8ce01a5a779d467259') in 0.043298 seconds
Number of updated asset objects reloaded before import = 0
Number of asset objects unloaded after import = 10
========================================================================
Received Import Request.
  Time since last request: 0.000045 seconds.
  path: Assets/Dungeon/KayKit_dungeon_pack_1.0/Models/fbx/potionLarge_red.fbx
  artifactKey: Guid(75de7a50b1f95b94097dfccffc82145a) Importer(815301076,1909f56bfc062723c751e8b465ee728b)
Start importing Assets/Dungeon/KayKit_dungeon_pack_1.0/Models/fbx/potionLarge_red.fbx using Guid(75de7a50b1f95b94097dfccffc82145a) Importer(815301076,1909f56bfc062723c751e8b465ee728b) [PhysX] Initialized MultithreadedTaskDispatcher with 16 workers.
[PhysX] Initialized MultithreadedTaskDispatcher with 16 workers.
[PhysX] Initialized MultithreadedTaskDispatcher with 16 workers.
[PhysX] Initialized MultithreadedTaskDispatcher with 16 workers.
[PhysX] Initialized MultithreadedTaskDispatcher with 16 workers.
[PhysX] Initialized MultithreadedTaskDispatcher with 16 workers.
 -> (artifact id: '96f16389ab01db7016d6d1d0b6f316fd') in 0.047160 seconds
Number of updated asset objects reloaded before import = 0
Number of asset objects unloaded after import = 10
========================================================================
Received Import Request.
  Time since last request: 0.000040 seconds.
  path: Assets/Dungeon/KayKit_dungeon_pack_1.0/Models/dae/plateFull.dae
  artifactKey: Guid(5ebfa9151d5ccc7409059ad6947b80f7) Importer(815301076,1909f56bfc062723c751e8b465ee728b)
Start importing Assets/Dungeon/KayKit_dungeon_pack_1.0/Models/dae/plateFull.dae using Guid(5ebfa9151d5ccc7409059ad6947b80f7) Importer(815301076,1909f56bfc062723c751e8b465ee728b) [PhysX] Initialized MultithreadedTaskDispatcher with 16 workers.
[PhysX] Initialized MultithreadedTaskDispatcher with 16 workers.
[PhysX] Initialized MultithreadedTaskDispatcher with 16 workers.
[PhysX] Initialized MultithreadedTaskDispatcher with 16 workers.
[PhysX] Initialized MultithreadedTaskDispatcher with 16 workers.
 -> (artifact id: '64e6f4e0b8cdc19515da57108b7674ca') in 0.034409 seconds
Number of updated asset objects reloaded before import = 0
Number of asset objects unloaded after import = 9
========================================================================
Received Import Request.
  Time since last request: 0.000044 seconds.
  path: Assets/Dungeon/KayKit_dungeon_pack_1.0/Models/dae/potionSmall_blue.dae
  artifactKey: Guid(baf91c9e03505d64ebe9aa401f3179e2) Importer(815301076,1909f56bfc062723c751e8b465ee728b)
Start importing Assets/Dungeon/KayKit_dungeon_pack_1.0/Models/dae/potionSmall_blue.dae using Guid(baf91c9e03505d64ebe9aa401f3179e2) Importer(815301076,1909f56bfc062723c751e8b465ee728b) [PhysX] Initialized MultithreadedTaskDispatcher with 16 workers.
[PhysX] Initialized MultithreadedTaskDispatcher with 16 workers.
[PhysX] Initialized MultithreadedTaskDispatcher with 16 workers.
[PhysX] Initialized MultithreadedTaskDispatcher with 16 workers.
[PhysX] Initialized MultithreadedTaskDispatcher with 16 workers.
[PhysX] Initialized MultithreadedTaskDispatcher with 16 workers.
 -> (artifact id: '4385a54b2bf66f104473b51c358537c9') in 0.042828 seconds
Number of updated asset objects reloaded before import = 0
Number of asset objects unloaded after import = 10
========================================================================
Received Import Request.
  Time since last request: 0.052951 seconds.
  path: Assets/Dungeon/KayKit_dungeon_pack_1.0/Models/Characters/fbx/extra heads/mageHeadB.fbx
  artifactKey: Guid(0eb9ac24bd106cb46a187bfe4f0b79a4) Importer(815301076,1909f56bfc062723c751e8b465ee728b)
Start importing Assets/Dungeon/KayKit_dungeon_pack_1.0/Models/Characters/fbx/extra heads/mageHeadB.fbx using Guid(0eb9ac24bd106cb46a187bfe4f0b79a4) Importer(815301076,1909f56bfc062723c751e8b465ee728b) [PhysX] Initialized MultithreadedTaskDispatcher with 16 workers.
[PhysX] Initialized MultithreadedTaskDispatcher with 16 workers.
[PhysX] Initialized MultithreadedTaskDispatcher with 16 workers.
[PhysX] Initialized MultithreadedTaskDispatcher with 16 workers.
[PhysX] Initialized MultithreadedTaskDispatcher with 16 workers.
[PhysX] Initialized MultithreadedTaskDispatcher with 16 workers.
 -> (artifact id: '01123bea9af912806a7f150c1caa7a99') in 0.037477 seconds
Number of updated asset objects reloaded before import = 0
Number of asset objects unloaded after import = 10
========================================================================
Received Import Request.
  Time since last request: 0.000036 seconds.
  path: Assets/Dungeon/KayKit_dungeon_pack_1.0/Models/Characters/fbx/extra heads/mageHairC.fbx
  artifactKey: Guid(99fabd209f3972343b7fbf97430ff87b) Importer(815301076,1909f56bfc062723c751e8b465ee728b)
Start importing Assets/Dungeon/KayKit_dungeon_pack_1.0/Models/Characters/fbx/extra heads/mageHairC.fbx using Guid(99fabd209f3972343b7fbf97430ff87b) Importer(815301076,1909f56bfc062723c751e8b465ee728b) [PhysX] Initialized MultithreadedTaskDispatcher with 16 workers.
[PhysX] Initialized MultithreadedTaskDispatcher with 16 workers.
[PhysX] Initialized MultithreadedTaskDispatcher with 16 workers.
[PhysX] Initialized MultithreadedTaskDispatcher with 16 workers.
[PhysX] Initialized MultithreadedTaskDispatcher with 16 workers.
 -> (artifact id: 'de05dff11f7f5aabc6ea00feb2fa4272') in 0.036067 seconds
Number of updated asset objects reloaded before import = 0
Number of asset objects unloaded after import = 9
========================================================================
Received Import Request.
  Time since last request: 0.000036 seconds.
  path: Assets/Dungeon/KayKit_dungeon_pack_1.0/Models/Characters/obj/extra heads/rogueHairA.obj
  artifactKey: Guid(bbbaf7b035f676b43aa64775a6343e9a) Importer(815301076,1909f56bfc062723c751e8b465ee728b)
Start importing Assets/Dungeon/KayKit_dungeon_pack_1.0/Models/Characters/obj/extra heads/rogueHairA.obj using Guid(bbbaf7b035f676b43aa64775a6343e9a) Importer(815301076,1909f56bfc062723c751e8b465ee728b) [PhysX] Initialized MultithreadedTaskDispatcher with 16 workers.
[PhysX] Initialized MultithreadedTaskDispatcher with 16 workers.
[PhysX] Initialized MultithreadedTaskDispatcher with 16 workers.
[PhysX] Initialized MultithreadedTaskDispatcher with 16 workers.
[PhysX] Initialized MultithreadedTaskDispatcher with 16 workers.
 -> (artifact id: '3554b5ec3bc7ed847774dc93c2cc14ae') in 0.033590 seconds
Number of updated asset objects reloaded before import = 0
Number of asset objects unloaded after import = 10
========================================================================
Received Import Request.
  Time since last request: 0.000045 seconds.
  path: Assets/Dungeon/KayKit_dungeon_pack_1.0/Models/fbx/wall_gate.fbx
  artifactKey: Guid(1a604aa04919d5e4eb453975de950f2f) Importer(815301076,1909f56bfc062723c751e8b465ee728b)
Start importing Assets/Dungeon/KayKit_dungeon_pack_1.0/Models/fbx/wall_gate.fbx using Guid(1a604aa04919d5e4eb453975de950f2f) Importer(815301076,1909f56bfc062723c751e8b465ee728b) [PhysX] Initialized MultithreadedTaskDispatcher with 16 workers.
[PhysX] Initialized MultithreadedTaskDispatcher with 16 workers.
[PhysX] Initialized MultithreadedTaskDispatcher with 16 workers.
[PhysX] Initialized MultithreadedTaskDispatcher with 16 workers.
[PhysX] Initialized MultithreadedTaskDispatcher with 16 workers.
[PhysX] Initialized MultithreadedTaskDispatcher with 16 workers.
 -> (artifact id: '4c9ccaa3d9fd2f943d7e4b3b5e5d3e19') in 0.052080 seconds
Number of updated asset objects reloaded before import = 0
Number of asset objects unloaded after import = 10
========================================================================
Received Import Request.
  Time since last request: 0.000032 seconds.
  path: Assets/Dungeon/KayKit_dungeon_pack_1.0/Models/Characters/fbx/extra heads/rogueHairA.fbx
  artifactKey: Guid(0e4ecb8f648728540b85ed5117db9042) Importer(815301076,1909f56bfc062723c751e8b465ee728b)
Start importing Assets/Dungeon/KayKit_dungeon_pack_1.0/Models/Characters/fbx/extra heads/rogueHairA.fbx using Guid(0e4ecb8f648728540b85ed5117db9042) Importer(815301076,1909f56bfc062723c751e8b465ee728b) [PhysX] Initialized MultithreadedTaskDispatcher with 16 workers.
[PhysX] Initialized MultithreadedTaskDispatcher with 16 workers.
[PhysX] Initialized MultithreadedTaskDispatcher with 16 workers.
[PhysX] Initialized MultithreadedTaskDispatcher with 16 workers.
 -> (artifact id: '7c8ef7283d12a1962e8014399c94e745') in 0.027406 seconds
Number of updated asset objects reloaded before import = 0
Number of asset objects unloaded after import = 8
========================================================================
Received Import Request.
  Time since last request: 0.000039 seconds.
  path: Assets/Dungeon/KayKit_dungeon_pack_1.0/Models/Characters/obj/character_barbarianHead.obj
  artifactKey: Guid(d7395797a7901a24ea675143f12003c8) Importer(815301076,1909f56bfc062723c751e8b465ee728b)
Start importing Assets/Dungeon/KayKit_dungeon_pack_1.0/Models/Characters/obj/character_barbarianHead.obj using Guid(d7395797a7901a24ea675143f12003c8) Importer(815301076,1909f56bfc062723c751e8b465ee728b) [PhysX] Initialized MultithreadedTaskDispatcher with 16 workers.
[PhysX] Initialized MultithreadedTaskDispatcher with 16 workers.
[PhysX] Initialized MultithreadedTaskDispatcher with 16 workers.
[PhysX] Initialized MultithreadedTaskDispatcher with 16 workers.
[PhysX] Initialized MultithreadedTaskDispatcher with 16 workers.
[PhysX] Initialized MultithreadedTaskDispatcher with 16 workers.
[PhysX] Initialized MultithreadedTaskDispatcher with 16 workers.
 -> (artifact id: 'b179e11d6b4ac7d41650f72ba0b46e9f') in 0.053127 seconds
Number of updated asset objects reloaded before import = 0
Number of asset objects unloaded after import = 12
========================================================================
Received Import Request.
  Time since last request: 0.000026 seconds.
  path: Assets/Dungeon/KayKit_dungeon_pack_1.0/Models/Characters/obj/extra heads/mageHeadA.obj
  artifactKey: Guid(2f59f6220cf1dc94590a4631a04e7b38) Importer(815301076,1909f56bfc062723c751e8b465ee728b)
Start importing Assets/Dungeon/KayKit_dungeon_pack_1.0/Models/Characters/obj/extra heads/mageHeadA.obj using Guid(2f59f6220cf1dc94590a4631a04e7b38) Importer(815301076,1909f56bfc062723c751e8b465ee728b) [PhysX] Initialized MultithreadedTaskDispatcher with 16 workers.
[PhysX] Initialized MultithreadedTaskDispatcher with 16 workers.
[PhysX] Initialized MultithreadedTaskDispatcher with 16 workers.
[PhysX] Initialized MultithreadedTaskDispatcher with 16 workers.
[PhysX] Initialized MultithreadedTaskDispatcher with 16 workers.
[PhysX] Initialized MultithreadedTaskDispatcher with 16 workers.
 -> (artifact id: '3cb72883e1b4dbd3b8ba281bdf3dd621') in 0.041888 seconds
Number of updated asset objects reloaded before import = 0
Number of asset objects unloaded after import = 11
========================================================================
Received Import Request.
  Time since last request: 0.000128 seconds.
  path: Assets/Dungeon/KayKit_dungeon_pack_1.0/Models/Characters/obj/extra heads/rogueHeadA.obj
  artifactKey: Guid(6afccb26459dc7e49b033e5354c56419) Importer(815301076,1909f56bfc062723c751e8b465ee728b)
Start importing Assets/Dungeon/KayKit_dungeon_pack_1.0/Models/Characters/obj/extra heads/rogueHeadA.obj using Guid(6afccb26459dc7e49b033e5354c56419) Importer(815301076,1909f56bfc062723c751e8b465ee728b) [PhysX] Initialized MultithreadedTaskDispatcher with 16 workers.
[PhysX] Initialized MultithreadedTaskDispatcher with 16 workers.
[PhysX] Initialized MultithreadedTaskDispatcher with 16 workers.
[PhysX] Initialized MultithreadedTaskDispatcher with 16 workers.
[PhysX] Initialized MultithreadedTaskDispatcher with 16 workers.
[PhysX] Initialized MultithreadedTaskDispatcher with 16 workers.
 -> (artifact id: '26e66b15fd5fee21f6a9eff116c37b81') in 0.044817 seconds
Number of updated asset objects reloaded before import = 0
Number of asset objects unloaded after import = 11
========================================================================
Received Import Request.
  Time since last request: 0.000030 seconds.
  path: Assets/Dungeon/KayKit_dungeon_pack_1.0/Models/Characters/obj/extra heads/rogueHeadB.obj
  artifactKey: Guid(22235f540b2b1724cab1dcc34f4ed01c) Importer(815301076,1909f56bfc062723c751e8b465ee728b)
Start importing Assets/Dungeon/KayKit_dungeon_pack_1.0/Models/Characters/obj/extra heads/rogueHeadB.obj using Guid(22235f540b2b1724cab1dcc34f4ed01c) Importer(815301076,1909f56bfc062723c751e8b465ee728b) [PhysX] Initialized MultithreadedTaskDispatcher with 16 workers.
[PhysX] Initialized MultithreadedTaskDispatcher with 16 workers.
[PhysX] Initialized MultithreadedTaskDispatcher with 16 workers.
[PhysX] Initialized MultithreadedTaskDispatcher with 16 workers.
[PhysX] Initialized MultithreadedTaskDispatcher with 16 workers.
[PhysX] Initialized MultithreadedTaskDispatcher with 16 workers.
 -> (artifact id: '08a3835962029ed7a47b96fba61acd1d') in 0.044516 seconds
Number of updated asset objects reloaded before import = 0
Number of asset objects unloaded after import = 11
========================================================================
Received Import Request.
  Time since last request: 0.035123 seconds.
  path: Assets/Dungeon/KayKit_dungeon_pack_1.0/Models/Characters/obj/extra heads/skull.obj
  artifactKey: Guid(6889f098a9211564eb37f9cb15a12395) Importer(815301076,1909f56bfc062723c751e8b465ee728b)
Start importing Assets/Dungeon/KayKit_dungeon_pack_1.0/Models/Characters/obj/extra heads/skull.obj using Guid(6889f098a9211564eb37f9cb15a12395) Importer(815301076,1909f56bfc062723c751e8b465ee728b) [PhysX] Initialized MultithreadedTaskDispatcher with 16 workers.
[PhysX] Initialized MultithreadedTaskDispatcher with 16 workers.
[PhysX] Initialized MultithreadedTaskDispatcher with 16 workers.
[PhysX] Initialized MultithreadedTaskDispatcher with 16 workers.
[PhysX] Initialized MultithreadedTaskDispatcher with 16 workers.
[PhysX] Initialized MultithreadedTaskDispatcher with 16 workers.
 -> (artifact id: 'ce51266f631a05cbf4d3f703c121929e') in 0.047298 seconds
Number of updated asset objects reloaded before import = 0
Number of asset objects unloaded after import = 11
========================================================================
Received Import Request.
  Time since last request: 0.000026 seconds.
  path: Assets/Dungeon/KayKit_dungeon_pack_1.0/Models/Characters/obj/extra heads/knightHeadB.obj
  artifactKey: Guid(3e11ae50e58ae3a47b287ab35ca82e99) Importer(815301076,1909f56bfc062723c751e8b465ee728b)
Start importing Assets/Dungeon/KayKit_dungeon_pack_1.0/Models/Characters/obj/extra heads/knightHeadB.obj using Guid(3e11ae50e58ae3a47b287ab35ca82e99) Importer(815301076,1909f56bfc062723c751e8b465ee728b) [PhysX] Initialized MultithreadedTaskDispatcher with 16 workers.
[PhysX] Initialized MultithreadedTaskDispatcher with 16 workers.
[PhysX] Initialized MultithreadedTaskDispatcher with 16 workers.
[PhysX] Initialized MultithreadedTaskDispatcher with 16 workers.
[PhysX] Initialized MultithreadedTaskDispatcher with 16 workers.
[PhysX] Initialized MultithreadedTaskDispatcher with 16 workers.
[PhysX] Initialized MultithreadedTaskDispatcher with 16 workers.
 -> (artifact id: 'd69fdbbc153c43a88dbc114a65bc496d') in 0.045598 seconds
Number of updated asset objects reloaded before import = 0
Number of asset objects unloaded after import = 12
========================================================================
Received Import Request.
  Time since last request: 0.000030 seconds.
  path: Assets/Dungeon/KayKit_dungeon_pack_1.0/Models/Characters/obj/extra heads/knightHeadA.obj
  artifactKey: Guid(dc6208321bbe8374abf343baf6405fe5) Importer(815301076,1909f56bfc062723c751e8b465ee728b)
Start importing Assets/Dungeon/KayKit_dungeon_pack_1.0/Models/Characters/obj/extra heads/knightHeadA.obj using Guid(dc6208321bbe8374abf343baf6405fe5) Importer(815301076,1909f56bfc062723c751e8b465ee728b) [PhysX] Initialized MultithreadedTaskDispatcher with 16 workers.
[PhysX] Initialized MultithreadedTaskDispatcher with 16 workers.
[PhysX] Initialized MultithreadedTaskDispatcher with 16 workers.
[PhysX] Initialized MultithreadedTaskDispatcher with 16 workers.
[PhysX] Initialized MultithreadedTaskDispatcher with 16 workers.
[PhysX] Initialized MultithreadedTaskDispatcher with 16 workers.
 -> (artifact id: 'a575b32da5157d7b43f84aa30169d80e') in 0.037464 seconds
Number of updated asset objects reloaded before import = 0
Number of asset objects unloaded after import = 11
========================================================================
Received Import Request.
  Time since last request: 0.000025 seconds.
  path: Assets/Dungeon/KayKit_dungeon_pack_1.0/Models/fbx/wall_gateCorner.fbx
  artifactKey: Guid(2cd2c63b340a7cc488c3ca2f1fd3b97a) Importer(815301076,1909f56bfc062723c751e8b465ee728b)
Start importing Assets/Dungeon/KayKit_dungeon_pack_1.0/Models/fbx/wall_gateCorner.fbx using Guid(2cd2c63b340a7cc488c3ca2f1fd3b97a) Importer(815301076,1909f56bfc062723c751e8b465ee728b) [PhysX] Initialized MultithreadedTaskDispatcher with 16 workers.
[PhysX] Initialized MultithreadedTaskDispatcher with 16 workers.
[PhysX] Initialized MultithreadedTaskDispatcher with 16 workers.
[PhysX] Initialized MultithreadedTaskDispatcher with 16 workers.
[PhysX] Initialized MultithreadedTaskDispatcher with 16 workers.
[PhysX] Initialized MultithreadedTaskDispatcher with 16 workers.
 -> (artifact id: '12e4892718a4e090f2ef505fa17d9a51') in 0.039056 seconds
Number of updated asset objects reloaded before import = 0
Number of asset objects unloaded after import = 10
Editor requested this worker to shutdown with reason: Scaling down because of idle timeout
TcpMessagingSession - receive error: operation aborted. errorcode: 995, details:  I/O 
AssetImportWorker is now disconnected from the server
Process exiting
Exiting without the bug reporter. Application will terminate with return code 0